{"numFailedTestSuites":13,"numFailedTests":14,"numPassedTestSuites":2,"numPassedTests":2,"numPendingTestSuites":0,"numPendingTests":0,"numRuntimeErrorTestSuites":0,"numTotalTestSuites":15,"numTotalTests":16,"openHandles":[],"snapshot":{"added":0,"didUpdate":false,"failure":false,"filesAdded":0,"filesRemoved":0,"filesUnmatched":0,"filesUpdated":0,"matched":0,"total":0,"unchecked":0,"uncheckedKeysByFile":[],"unmatched":0,"updated":0},"startTime":1535382677508,"success":false,"testResults":[{"assertionResults":[{"ancestorTitles":["PageNotFoundComponent"],"failureMessages":["Error: Uncaught (in promise): Failed to load page-not-found.component.html\n    at resolvePromise (/Users/bschoche/IdeaProjects/POCs/evo-prototype/frontend/node_modules/zone.js/dist/zone.js:814:31)\n    at resolvePromise (/Users/bschoche/IdeaProjects/POCs/evo-prototype/frontend/node_modules/zone.js/dist/zone.js:771:17)\n    at /Users/bschoche/IdeaProjects/POCs/evo-prototype/frontend/node_modules/zone.js/dist/zone.js:873:17\n    at ZoneDelegate.Object.<anonymous>.ZoneDelegate.invokeTask (/Users/bschoche/IdeaProjects/POCs/evo-prototype/frontend/node_modules/zone.js/dist/zone.js:421:31)\n    at AsyncTestZoneSpec.Object.<anonymous>.AsyncTestZoneSpec.onInvokeTask (/Users/bschoche/IdeaProjects/POCs/evo-prototype/frontend/node_modules/zone.js/dist/async-test.js:90:25)\n    at ProxyZoneSpec.Object.<anonymous>.ProxyZoneSpec.onInvokeTask (/Users/bschoche/IdeaProjects/POCs/evo-prototype/frontend/node_modules/zone.js/dist/proxy.js:156:39)\n    at ZoneDelegate.Object.<anonymous>.ZoneDelegate.invokeTask (/Users/bschoche/IdeaProjects/POCs/evo-prototype/frontend/node_modules/zone.js/dist/zone.js:420:36)\n    at Zone.Object.<anonymous>.Zone.runTask (/Users/bschoche/IdeaProjects/POCs/evo-prototype/frontend/node_modules/zone.js/dist/zone.js:188:47)\n    at drainMicroTaskQueue (/Users/bschoche/IdeaProjects/POCs/evo-prototype/frontend/node_modules/zone.js/dist/zone.js:595:35)\n    at ZoneTask.Object.<anonymous>.ZoneTask.invokeTask [as invoke] (/Users/bschoche/IdeaProjects/POCs/evo-prototype/frontend/node_modules/zone.js/dist/zone.js:500:21)\n    at invokeTask (/Users/bschoche/IdeaProjects/POCs/evo-prototype/frontend/node_modules/zone.js/dist/zone.js:1540:14)\n    at XMLHttpRequest.globalZoneAwareCallback (/Users/bschoche/IdeaProjects/POCs/evo-prototype/frontend/node_modules/zone.js/dist/zone.js:1566:17)\n    at invokeEventListeners (/Users/bschoche/IdeaProjects/POCs/evo-prototype/frontend/node_modules/jsdom/lib/jsdom/living/events/EventTarget-impl.js:193:27)\n    at XMLHttpRequestEventTargetImpl._dispatch (/Users/bschoche/IdeaProjects/POCs/evo-prototype/frontend/node_modules/jsdom/lib/jsdom/living/events/EventTarget-impl.js:119:9)\n    at XMLHttpRequestEventTargetImpl.dispatchEvent (/Users/bschoche/IdeaProjects/POCs/evo-prototype/frontend/node_modules/jsdom/lib/jsdom/living/events/EventTarget-impl.js:82:17)\n    at XMLHttpRequest.dispatchEvent (/Users/bschoche/IdeaProjects/POCs/evo-prototype/frontend/node_modules/jsdom/lib/jsdom/living/generated/EventTarget.js:157:21)\n    at requestErrorSteps (/Users/bschoche/IdeaProjects/POCs/evo-prototype/frontend/node_modules/jsdom/lib/jsdom/living/xhr-utils.js:132:7)\n    at Object.dispatchError (/Users/bschoche/IdeaProjects/POCs/evo-prototype/frontend/node_modules/jsdom/lib/jsdom/living/xhr-utils.js:62:3)\n    at Request.client.on.err (/Users/bschoche/IdeaProjects/POCs/evo-prototype/frontend/node_modules/jsdom/lib/jsdom/living/xmlhttprequest.js:676:20)\n    at emitOne (events.js:121:20)\n    at Request.emit (events.js:211:7)\n    at Request.onRequestError (/Users/bschoche/IdeaProjects/POCs/evo-prototype/frontend/node_modules/request/request.js:881:8)\n    at emitOne (events.js:116:13)\n    at ClientRequest.emit (events.js:211:7)\n    at Socket.socketErrorListener (_http_client.js:387:9)\n    at emitOne (events.js:116:13)\n    at Socket.emit (events.js:211:7)\n    at emitErrorNT (internal/streams/destroy.js:64:8)\n    at _combinedTickCallback (internal/process/next_tick.js:138:11)\n    at process._tickCallback (internal/process/next_tick.js:180:9)","Error: This test module uses the component PageNotFoundComponent which is using a \"templateUrl\" or \"styleUrls\", but they were never compiled. Please call \"TestBed.compileComponents\" before your test.\n    at TestBed.Object.<anonymous>.TestBed._initIfNeeded (/Users/bschoche/IdeaProjects/POCs/packages/core/testing/src/test_bed.ts:353:17)\n    at TestBed.Object.<anonymous>.TestBed.createComponent (/Users/bschoche/IdeaProjects/POCs/packages/core/testing/src/test_bed.ts:552:10)\n    at Function.Object.<anonymous>.TestBed.createComponent (/Users/bschoche/IdeaProjects/POCs/packages/core/testing/src/test_bed.ts:201:25)\n    at /Users/bschoche/IdeaProjects/POCs/evo-prototype/frontend/src/app/pages/page-not-found/page-not-found.component.spec.ts:17:23\n    at ZoneDelegate.Object.<anonymous>.ZoneDelegate.invoke (/Users/bschoche/IdeaProjects/POCs/evo-prototype/frontend/node_modules/zone.js/dist/zone.js:388:26)\n    at ProxyZoneSpec.Object.<anonymous>.ProxyZoneSpec.onInvoke (/Users/bschoche/IdeaProjects/POCs/evo-prototype/frontend/node_modules/zone.js/dist/proxy.js:128:39)\n    at ZoneDelegate.Object.<anonymous>.ZoneDelegate.invoke (/Users/bschoche/IdeaProjects/POCs/evo-prototype/frontend/node_modules/zone.js/dist/zone.js:387:32)\n    at Zone.Object.<anonymous>.Zone.run (/Users/bschoche/IdeaProjects/POCs/evo-prototype/frontend/node_modules/zone.js/dist/zone.js:138:43)\n    at Object.testBody.length (/Users/bschoche/IdeaProjects/POCs/evo-prototype/frontend/node_modules/jest-zone-patch/index.js:50:27)\n    at Object.asyncJestLifecycle (/Users/bschoche/IdeaProjects/POCs/evo-prototype/frontend/node_modules/jest-jasmine2/build/jasmine_async.js:63:37)\n    at resolve (/Users/bschoche/IdeaProjects/POCs/evo-prototype/frontend/node_modules/jest-jasmine2/build/queue_runner.js:56:12)\n    at new Promise (<anonymous>)\n    at mapper (/Users/bschoche/IdeaProjects/POCs/evo-prototype/frontend/node_modules/jest-jasmine2/build/queue_runner.js:43:19)\n    at promise.then (/Users/bschoche/IdeaProjects/POCs/evo-prototype/frontend/node_modules/jest-jasmine2/build/queue_runner.js:87:41)\n    at <anonymous>\n    at process._tickCallback (internal/process/next_tick.js:188:7)","Error: \u001b[2mexpect(\u001b[22m\u001b[31mreceived\u001b[39m\u001b[2m).toBeTruthy(\u001b[22m\u001b[2m)\u001b[22m\n\nReceived: \u001b[31mundefined\u001b[39m\n    at /Users/bschoche/IdeaProjects/POCs/evo-prototype/frontend/src/app/pages/page-not-found/page-not-found.component.spec.ts:23:23\n    at ZoneDelegate.Object.<anonymous>.ZoneDelegate.invoke (/Users/bschoche/IdeaProjects/POCs/evo-prototype/frontend/node_modules/zone.js/dist/zone.js:388:26)\n    at ProxyZoneSpec.Object.<anonymous>.ProxyZoneSpec.onInvoke (/Users/bschoche/IdeaProjects/POCs/evo-prototype/frontend/node_modules/zone.js/dist/proxy.js:128:39)\n    at ZoneDelegate.Object.<anonymous>.ZoneDelegate.invoke (/Users/bschoche/IdeaProjects/POCs/evo-prototype/frontend/node_modules/zone.js/dist/zone.js:387:32)\n    at Zone.Object.<anonymous>.Zone.run (/Users/bschoche/IdeaProjects/POCs/evo-prototype/frontend/node_modules/zone.js/dist/zone.js:138:43)\n    at Object.testBody.length (/Users/bschoche/IdeaProjects/POCs/evo-prototype/frontend/node_modules/jest-zone-patch/index.js:50:27)\n    at Object.asyncJestTest (/Users/bschoche/IdeaProjects/POCs/evo-prototype/frontend/node_modules/jest-jasmine2/build/jasmine_async.js:108:37)\n    at resolve (/Users/bschoche/IdeaProjects/POCs/evo-prototype/frontend/node_modules/jest-jasmine2/build/queue_runner.js:56:12)\n    at new Promise (<anonymous>)\n    at mapper (/Users/bschoche/IdeaProjects/POCs/evo-prototype/frontend/node_modules/jest-jasmine2/build/queue_runner.js:43:19)\n    at promise.then (/Users/bschoche/IdeaProjects/POCs/evo-prototype/frontend/node_modules/jest-jasmine2/build/queue_runner.js:87:41)\n    at <anonymous>\n    at process._tickCallback (internal/process/next_tick.js:188:7)"],"fullName":"PageNotFoundComponent should be created","location":null,"status":"failed","title":"should be created"}],"endTime":1535382683478,"message":"\u001b[1m\u001b[31m  \u001b[1m● \u001b[1mPageNotFoundComponent › should be created\u001b[39m\u001b[22m\n\n    Uncaught (in promise): Failed to load page-not-found.component.html\n\u001b[2m\u001b[22m\n\u001b[2m      \u001b[2mat resolvePromise (\u001b[2m\u001b[0m\u001b[36mnode_modules/zone.js/dist/zone.js\u001b[39m\u001b[0m\u001b[2m:814:31)\u001b[2m\u001b[22m\n\u001b[2m      \u001b[2mat resolvePromise (\u001b[2m\u001b[0m\u001b[36mnode_modules/zone.js/dist/zone.js\u001b[39m\u001b[0m\u001b[2m:771:17)\u001b[2m\u001b[22m\n\u001b[2m      \u001b[2mat \u001b[2m\u001b[0m\u001b[36mnode_modules/zone.js/dist/zone.js\u001b[39m\u001b[0m\u001b[2m:873:17\u001b[2m\u001b[22m\n\u001b[2m      \u001b[2mat ZoneDelegate.Object.<anonymous>.ZoneDelegate.invokeTask (\u001b[2m\u001b[0m\u001b[36mnode_modules/zone.js/dist/zone.js\u001b[39m\u001b[0m\u001b[2m:421:31)\u001b[2m\u001b[22m\n\u001b[2m      \u001b[2mat AsyncTestZoneSpec.Object.<anonymous>.AsyncTestZoneSpec.onInvokeTask (\u001b[2m\u001b[0m\u001b[36mnode_modules/zone.js/dist/async-test.js\u001b[39m\u001b[0m\u001b[2m:90:25)\u001b[2m\u001b[22m\n\u001b[2m      \u001b[2mat ProxyZoneSpec.Object.<anonymous>.ProxyZoneSpec.onInvokeTask (\u001b[2m\u001b[0m\u001b[36mnode_modules/zone.js/dist/proxy.js\u001b[39m\u001b[0m\u001b[2m:156:39)\u001b[2m\u001b[22m\n\u001b[2m      \u001b[2mat ZoneDelegate.Object.<anonymous>.ZoneDelegate.invokeTask (\u001b[2m\u001b[0m\u001b[36mnode_modules/zone.js/dist/zone.js\u001b[39m\u001b[0m\u001b[2m:420:36)\u001b[2m\u001b[22m\n\u001b[2m      \u001b[2mat Zone.Object.<anonymous>.Zone.runTask (\u001b[2m\u001b[0m\u001b[36mnode_modules/zone.js/dist/zone.js\u001b[39m\u001b[0m\u001b[2m:188:47)\u001b[2m\u001b[22m\n\u001b[2m      \u001b[2mat drainMicroTaskQueue (\u001b[2m\u001b[0m\u001b[36mnode_modules/zone.js/dist/zone.js\u001b[39m\u001b[0m\u001b[2m:595:35)\u001b[2m\u001b[22m\n\u001b[2m      \u001b[2mat ZoneTask.Object.<anonymous>.ZoneTask.invokeTask [as invoke] (\u001b[2m\u001b[0m\u001b[36mnode_modules/zone.js/dist/zone.js\u001b[39m\u001b[0m\u001b[2m:500:21)\u001b[2m\u001b[22m\n\u001b[2m      \u001b[2mat invokeTask (\u001b[2m\u001b[0m\u001b[36mnode_modules/zone.js/dist/zone.js\u001b[39m\u001b[0m\u001b[2m:1540:14)\u001b[2m\u001b[22m\n\u001b[2m      \u001b[2mat XMLHttpRequest.globalZoneAwareCallback (\u001b[2m\u001b[0m\u001b[36mnode_modules/zone.js/dist/zone.js\u001b[39m\u001b[0m\u001b[2m:1566:17)\u001b[2m\u001b[22m\n\u001b[2m      \u001b[2mat invokeEventListeners (\u001b[2m\u001b[0m\u001b[36mnode_modules/jsdom/lib/jsdom/living/events/EventTarget-impl.js\u001b[39m\u001b[0m\u001b[2m:193:27)\u001b[2m\u001b[22m\n\u001b[2m      \u001b[2mat XMLHttpRequestEventTargetImpl._dispatch (\u001b[2m\u001b[0m\u001b[36mnode_modules/jsdom/lib/jsdom/living/events/EventTarget-impl.js\u001b[39m\u001b[0m\u001b[2m:119:9)\u001b[2m\u001b[22m\n\u001b[2m      \u001b[2mat XMLHttpRequestEventTargetImpl.dispatchEvent (\u001b[2m\u001b[0m\u001b[36mnode_modules/jsdom/lib/jsdom/living/events/EventTarget-impl.js\u001b[39m\u001b[0m\u001b[2m:82:17)\u001b[2m\u001b[22m\n\u001b[2m      \u001b[2mat XMLHttpRequest.dispatchEvent (\u001b[2m\u001b[0m\u001b[36mnode_modules/jsdom/lib/jsdom/living/generated/EventTarget.js\u001b[39m\u001b[0m\u001b[2m:157:21)\u001b[2m\u001b[22m\n\u001b[2m      \u001b[2mat requestErrorSteps (\u001b[2m\u001b[0m\u001b[36mnode_modules/jsdom/lib/jsdom/living/xhr-utils.js\u001b[39m\u001b[0m\u001b[2m:132:7)\u001b[2m\u001b[22m\n\u001b[2m      \u001b[2mat Object.dispatchError (\u001b[2m\u001b[0m\u001b[36mnode_modules/jsdom/lib/jsdom/living/xhr-utils.js\u001b[39m\u001b[0m\u001b[2m:62:3)\u001b[2m\u001b[22m\n\u001b[2m      \u001b[2mat Request.client.on.err (\u001b[2m\u001b[0m\u001b[36mnode_modules/jsdom/lib/jsdom/living/xmlhttprequest.js\u001b[39m\u001b[0m\u001b[2m:676:20)\u001b[2m\u001b[22m\n\u001b[2m      \u001b[2mat Request.onRequestError (\u001b[2m\u001b[0m\u001b[36mnode_modules/request/request.js\u001b[39m\u001b[0m\u001b[2m:881:8)\u001b[2m\u001b[22m\n\n\u001b[1m\u001b[31m  \u001b[1m● \u001b[1mPageNotFoundComponent › should be created\u001b[39m\u001b[22m\n\n    This test module uses the component PageNotFoundComponent which is using a \"templateUrl\" or \"styleUrls\", but they were never compiled. Please call \"TestBed.compileComponents\" before your test.\n\u001b[2m\u001b[22m\n\u001b[2m      \u001b[2mat TestBed.Object.<anonymous>.TestBed._initIfNeeded (\u001b[2m\u001b[0m\u001b[36m../../packages/core/testing/src/test_bed.ts\u001b[39m\u001b[0m\u001b[2m:353:17)\u001b[2m\u001b[22m\n\u001b[2m      \u001b[2mat TestBed.Object.<anonymous>.TestBed.createComponent (\u001b[2m\u001b[0m\u001b[36m../../packages/core/testing/src/test_bed.ts\u001b[39m\u001b[0m\u001b[2m:552:10)\u001b[2m\u001b[22m\n\u001b[2m      \u001b[2mat Function.Object.<anonymous>.TestBed.createComponent (\u001b[2m\u001b[0m\u001b[36m../../packages/core/testing/src/test_bed.ts\u001b[39m\u001b[0m\u001b[2m:201:25)\u001b[2m\u001b[22m\n\u001b[2m      \u001b[2mat \u001b[2m\u001b[0m\u001b[36msrc/app/pages/page-not-found/page-not-found.component.spec.ts\u001b[39m\u001b[0m\u001b[2m:17:23\u001b[2m\u001b[22m\n\u001b[2m      \u001b[2mat ZoneDelegate.Object.<anonymous>.ZoneDelegate.invoke (\u001b[2m\u001b[0m\u001b[36mnode_modules/zone.js/dist/zone.js\u001b[39m\u001b[0m\u001b[2m:388:26)\u001b[2m\u001b[22m\n\u001b[2m      \u001b[2mat ProxyZoneSpec.Object.<anonymous>.ProxyZoneSpec.onInvoke (\u001b[2m\u001b[0m\u001b[36mnode_modules/zone.js/dist/proxy.js\u001b[39m\u001b[0m\u001b[2m:128:39)\u001b[2m\u001b[22m\n\u001b[2m      \u001b[2mat ZoneDelegate.Object.<anonymous>.ZoneDelegate.invoke (\u001b[2m\u001b[0m\u001b[36mnode_modules/zone.js/dist/zone.js\u001b[39m\u001b[0m\u001b[2m:387:32)\u001b[2m\u001b[22m\n\u001b[2m      \u001b[2mat Zone.Object.<anonymous>.Zone.run (\u001b[2m\u001b[0m\u001b[36mnode_modules/zone.js/dist/zone.js\u001b[39m\u001b[0m\u001b[2m:138:43)\u001b[2m\u001b[22m\n\u001b[2m      \u001b[2mat Object.testBody.length (\u001b[2m\u001b[0m\u001b[36mnode_modules/jest-zone-patch/index.js\u001b[39m\u001b[0m\u001b[2m:50:27)\u001b[2m\u001b[22m\n\n\u001b[1m\u001b[31m  \u001b[1m● \u001b[1mPageNotFoundComponent › should be created\u001b[39m\u001b[22m\n\n    \u001b[2mexpect(\u001b[22m\u001b[31mreceived\u001b[39m\u001b[2m).toBeTruthy(\u001b[22m\u001b[2m)\u001b[22m\n\n    Received: \u001b[31mundefined\u001b[39m\n\u001b[2m\u001b[22m\n\u001b[2m    \u001b[0m \u001b[90m 21 | \u001b[39m\u001b[0m\u001b[22m\n\u001b[2m    \u001b[0m \u001b[90m 22 | \u001b[39m  it(\u001b[32m'should be created'\u001b[39m\u001b[33m,\u001b[39m () \u001b[33m=>\u001b[39m {\u001b[0m\u001b[22m\n\u001b[2m    \u001b[0m\u001b[31m\u001b[1m>\u001b[2m\u001b[39m\u001b[90m 23 | \u001b[39m    expect(component)\u001b[33m.\u001b[39mtoBeTruthy()\u001b[33m;\u001b[39m\u001b[0m\u001b[22m\n\u001b[2m    \u001b[0m \u001b[90m    | \u001b[39m                      \u001b[31m\u001b[1m^\u001b[2m\u001b[39m\u001b[0m\u001b[22m\n\u001b[2m    \u001b[0m \u001b[90m 24 | \u001b[39m  })\u001b[33m;\u001b[39m\u001b[0m\u001b[22m\n\u001b[2m    \u001b[0m \u001b[90m 25 | \u001b[39m})\u001b[33m;\u001b[39m\u001b[0m\u001b[22m\n\u001b[2m    \u001b[0m \u001b[90m 26 | \u001b[39m\u001b[0m\u001b[22m\n\u001b[2m\u001b[22m\n\u001b[2m      \u001b[2mat \u001b[2m\u001b[0m\u001b[36msrc/app/pages/page-not-found/page-not-found.component.spec.ts\u001b[39m\u001b[0m\u001b[2m:23:23\u001b[2m\u001b[22m\n\u001b[2m      \u001b[2mat ZoneDelegate.Object.<anonymous>.ZoneDelegate.invoke (\u001b[2m\u001b[0m\u001b[36mnode_modules/zone.js/dist/zone.js\u001b[39m\u001b[0m\u001b[2m:388:26)\u001b[2m\u001b[22m\n\u001b[2m      \u001b[2mat ProxyZoneSpec.Object.<anonymous>.ProxyZoneSpec.onInvoke (\u001b[2m\u001b[0m\u001b[36mnode_modules/zone.js/dist/proxy.js\u001b[39m\u001b[0m\u001b[2m:128:39)\u001b[2m\u001b[22m\n\u001b[2m      \u001b[2mat ZoneDelegate.Object.<anonymous>.ZoneDelegate.invoke (\u001b[2m\u001b[0m\u001b[36mnode_modules/zone.js/dist/zone.js\u001b[39m\u001b[0m\u001b[2m:387:32)\u001b[2m\u001b[22m\n\u001b[2m      \u001b[2mat Zone.Object.<anonymous>.Zone.run (\u001b[2m\u001b[0m\u001b[36mnode_modules/zone.js/dist/zone.js\u001b[39m\u001b[0m\u001b[2m:138:43)\u001b[2m\u001b[22m\n\u001b[2m      \u001b[2mat Object.testBody.length (\u001b[2m\u001b[0m\u001b[36mnode_modules/jest-zone-patch/index.js\u001b[39m\u001b[0m\u001b[2m:50:27)\u001b[2m\u001b[22m\n","name":"/Users/bschoche/IdeaProjects/POCs/evo-prototype/frontend/src/app/pages/page-not-found/page-not-found.component.spec.ts","startTime":1535382679149,"status":"failed","summary":""},{"assertionResults":[{"ancestorTitles":["SearchBarComponent"],"failureMessages":["Error: Uncaught (in promise): Failed to load search-bar.component.html\n    at resolvePromise (/Users/bschoche/IdeaProjects/POCs/evo-prototype/frontend/node_modules/zone.js/dist/zone.js:814:31)\n    at resolvePromise (/Users/bschoche/IdeaProjects/POCs/evo-prototype/frontend/node_modules/zone.js/dist/zone.js:771:17)\n    at /Users/bschoche/IdeaProjects/POCs/evo-prototype/frontend/node_modules/zone.js/dist/zone.js:873:17\n    at ZoneDelegate.Object.<anonymous>.ZoneDelegate.invokeTask (/Users/bschoche/IdeaProjects/POCs/evo-prototype/frontend/node_modules/zone.js/dist/zone.js:421:31)\n    at AsyncTestZoneSpec.Object.<anonymous>.AsyncTestZoneSpec.onInvokeTask (/Users/bschoche/IdeaProjects/POCs/evo-prototype/frontend/node_modules/zone.js/dist/async-test.js:90:25)\n    at ProxyZoneSpec.Object.<anonymous>.ProxyZoneSpec.onInvokeTask (/Users/bschoche/IdeaProjects/POCs/evo-prototype/frontend/node_modules/zone.js/dist/proxy.js:156:39)\n    at ZoneDelegate.Object.<anonymous>.ZoneDelegate.invokeTask (/Users/bschoche/IdeaProjects/POCs/evo-prototype/frontend/node_modules/zone.js/dist/zone.js:420:36)\n    at Zone.Object.<anonymous>.Zone.runTask (/Users/bschoche/IdeaProjects/POCs/evo-prototype/frontend/node_modules/zone.js/dist/zone.js:188:47)\n    at drainMicroTaskQueue (/Users/bschoche/IdeaProjects/POCs/evo-prototype/frontend/node_modules/zone.js/dist/zone.js:595:35)\n    at ZoneTask.Object.<anonymous>.ZoneTask.invokeTask [as invoke] (/Users/bschoche/IdeaProjects/POCs/evo-prototype/frontend/node_modules/zone.js/dist/zone.js:500:21)\n    at invokeTask (/Users/bschoche/IdeaProjects/POCs/evo-prototype/frontend/node_modules/zone.js/dist/zone.js:1540:14)\n    at XMLHttpRequest.globalZoneAwareCallback (/Users/bschoche/IdeaProjects/POCs/evo-prototype/frontend/node_modules/zone.js/dist/zone.js:1566:17)\n    at invokeEventListeners (/Users/bschoche/IdeaProjects/POCs/evo-prototype/frontend/node_modules/jsdom/lib/jsdom/living/events/EventTarget-impl.js:193:27)\n    at XMLHttpRequestEventTargetImpl._dispatch (/Users/bschoche/IdeaProjects/POCs/evo-prototype/frontend/node_modules/jsdom/lib/jsdom/living/events/EventTarget-impl.js:119:9)\n    at XMLHttpRequestEventTargetImpl.dispatchEvent (/Users/bschoche/IdeaProjects/POCs/evo-prototype/frontend/node_modules/jsdom/lib/jsdom/living/events/EventTarget-impl.js:82:17)\n    at XMLHttpRequest.dispatchEvent (/Users/bschoche/IdeaProjects/POCs/evo-prototype/frontend/node_modules/jsdom/lib/jsdom/living/generated/EventTarget.js:157:21)\n    at requestErrorSteps (/Users/bschoche/IdeaProjects/POCs/evo-prototype/frontend/node_modules/jsdom/lib/jsdom/living/xhr-utils.js:132:7)\n    at Object.dispatchError (/Users/bschoche/IdeaProjects/POCs/evo-prototype/frontend/node_modules/jsdom/lib/jsdom/living/xhr-utils.js:62:3)\n    at Request.client.on.err (/Users/bschoche/IdeaProjects/POCs/evo-prototype/frontend/node_modules/jsdom/lib/jsdom/living/xmlhttprequest.js:676:20)\n    at emitOne (events.js:121:20)\n    at Request.emit (events.js:211:7)\n    at Request.onRequestError (/Users/bschoche/IdeaProjects/POCs/evo-prototype/frontend/node_modules/request/request.js:881:8)\n    at emitOne (events.js:116:13)\n    at ClientRequest.emit (events.js:211:7)\n    at Socket.socketErrorListener (_http_client.js:387:9)\n    at emitOne (events.js:116:13)\n    at Socket.emit (events.js:211:7)\n    at emitErrorNT (internal/streams/destroy.js:64:8)\n    at _combinedTickCallback (internal/process/next_tick.js:138:11)\n    at process._tickCallback (internal/process/next_tick.js:180:9)","Error: This test module uses the component SearchBarComponent which is using a \"templateUrl\" or \"styleUrls\", but they were never compiled. Please call \"TestBed.compileComponents\" before your test.\n    at TestBed.Object.<anonymous>.TestBed._initIfNeeded (/Users/bschoche/IdeaProjects/POCs/packages/core/testing/src/test_bed.ts:353:17)\n    at TestBed.Object.<anonymous>.TestBed.createComponent (/Users/bschoche/IdeaProjects/POCs/packages/core/testing/src/test_bed.ts:552:10)\n    at Function.Object.<anonymous>.TestBed.createComponent (/Users/bschoche/IdeaProjects/POCs/packages/core/testing/src/test_bed.ts:201:25)\n    at /Users/bschoche/IdeaProjects/POCs/evo-prototype/frontend/src/app/modules/affiliate-hierarchy/components/search-bar/search-bar.component.spec.ts:18:23\n    at ZoneDelegate.Object.<anonymous>.ZoneDelegate.invoke (/Users/bschoche/IdeaProjects/POCs/evo-prototype/frontend/node_modules/zone.js/dist/zone.js:388:26)\n    at ProxyZoneSpec.Object.<anonymous>.ProxyZoneSpec.onInvoke (/Users/bschoche/IdeaProjects/POCs/evo-prototype/frontend/node_modules/zone.js/dist/proxy.js:128:39)\n    at ZoneDelegate.Object.<anonymous>.ZoneDelegate.invoke (/Users/bschoche/IdeaProjects/POCs/evo-prototype/frontend/node_modules/zone.js/dist/zone.js:387:32)\n    at Zone.Object.<anonymous>.Zone.run (/Users/bschoche/IdeaProjects/POCs/evo-prototype/frontend/node_modules/zone.js/dist/zone.js:138:43)\n    at Object.testBody.length (/Users/bschoche/IdeaProjects/POCs/evo-prototype/frontend/node_modules/jest-zone-patch/index.js:50:27)\n    at Object.asyncJestLifecycle (/Users/bschoche/IdeaProjects/POCs/evo-prototype/frontend/node_modules/jest-jasmine2/build/jasmine_async.js:63:37)\n    at resolve (/Users/bschoche/IdeaProjects/POCs/evo-prototype/frontend/node_modules/jest-jasmine2/build/queue_runner.js:56:12)\n    at new Promise (<anonymous>)\n    at mapper (/Users/bschoche/IdeaProjects/POCs/evo-prototype/frontend/node_modules/jest-jasmine2/build/queue_runner.js:43:19)\n    at promise.then (/Users/bschoche/IdeaProjects/POCs/evo-prototype/frontend/node_modules/jest-jasmine2/build/queue_runner.js:87:41)\n    at <anonymous>\n    at process._tickCallback (internal/process/next_tick.js:188:7)","Error: \u001b[2mexpect(\u001b[22m\u001b[31mreceived\u001b[39m\u001b[2m).toBeTruthy(\u001b[22m\u001b[2m)\u001b[22m\n\nReceived: \u001b[31mundefined\u001b[39m\n    at /Users/bschoche/IdeaProjects/POCs/evo-prototype/frontend/src/app/modules/affiliate-hierarchy/components/search-bar/search-bar.component.spec.ts:24:23\n    at ZoneDelegate.Object.<anonymous>.ZoneDelegate.invoke (/Users/bschoche/IdeaProjects/POCs/evo-prototype/frontend/node_modules/zone.js/dist/zone.js:388:26)\n    at ProxyZoneSpec.Object.<anonymous>.ProxyZoneSpec.onInvoke (/Users/bschoche/IdeaProjects/POCs/evo-prototype/frontend/node_modules/zone.js/dist/proxy.js:128:39)\n    at ZoneDelegate.Object.<anonymous>.ZoneDelegate.invoke (/Users/bschoche/IdeaProjects/POCs/evo-prototype/frontend/node_modules/zone.js/dist/zone.js:387:32)\n    at Zone.Object.<anonymous>.Zone.run (/Users/bschoche/IdeaProjects/POCs/evo-prototype/frontend/node_modules/zone.js/dist/zone.js:138:43)\n    at Object.testBody.length (/Users/bschoche/IdeaProjects/POCs/evo-prototype/frontend/node_modules/jest-zone-patch/index.js:50:27)\n    at Object.asyncJestTest (/Users/bschoche/IdeaProjects/POCs/evo-prototype/frontend/node_modules/jest-jasmine2/build/jasmine_async.js:108:37)\n    at resolve (/Users/bschoche/IdeaProjects/POCs/evo-prototype/frontend/node_modules/jest-jasmine2/build/queue_runner.js:56:12)\n    at new Promise (<anonymous>)\n    at mapper (/Users/bschoche/IdeaProjects/POCs/evo-prototype/frontend/node_modules/jest-jasmine2/build/queue_runner.js:43:19)\n    at promise.then (/Users/bschoche/IdeaProjects/POCs/evo-prototype/frontend/node_modules/jest-jasmine2/build/queue_runner.js:87:41)\n    at <anonymous>\n    at process._tickCallback (internal/process/next_tick.js:188:7)"],"fullName":"SearchBarComponent should create","location":null,"status":"failed","title":"should create"}],"endTime":1535382683656,"message":"\u001b[1m\u001b[31m  \u001b[1m● \u001b[1mSearchBarComponent › should create\u001b[39m\u001b[22m\n\n    Uncaught (in promise): Failed to load search-bar.component.html\n\u001b[2m\u001b[22m\n\u001b[2m      \u001b[2mat resolvePromise (\u001b[2m\u001b[0m\u001b[36mnode_modules/zone.js/dist/zone.js\u001b[39m\u001b[0m\u001b[2m:814:31)\u001b[2m\u001b[22m\n\u001b[2m      \u001b[2mat resolvePromise (\u001b[2m\u001b[0m\u001b[36mnode_modules/zone.js/dist/zone.js\u001b[39m\u001b[0m\u001b[2m:771:17)\u001b[2m\u001b[22m\n\u001b[2m      \u001b[2mat \u001b[2m\u001b[0m\u001b[36mnode_modules/zone.js/dist/zone.js\u001b[39m\u001b[0m\u001b[2m:873:17\u001b[2m\u001b[22m\n\u001b[2m      \u001b[2mat ZoneDelegate.Object.<anonymous>.ZoneDelegate.invokeTask (\u001b[2m\u001b[0m\u001b[36mnode_modules/zone.js/dist/zone.js\u001b[39m\u001b[0m\u001b[2m:421:31)\u001b[2m\u001b[22m\n\u001b[2m      \u001b[2mat AsyncTestZoneSpec.Object.<anonymous>.AsyncTestZoneSpec.onInvokeTask (\u001b[2m\u001b[0m\u001b[36mnode_modules/zone.js/dist/async-test.js\u001b[39m\u001b[0m\u001b[2m:90:25)\u001b[2m\u001b[22m\n\u001b[2m      \u001b[2mat ProxyZoneSpec.Object.<anonymous>.ProxyZoneSpec.onInvokeTask (\u001b[2m\u001b[0m\u001b[36mnode_modules/zone.js/dist/proxy.js\u001b[39m\u001b[0m\u001b[2m:156:39)\u001b[2m\u001b[22m\n\u001b[2m      \u001b[2mat ZoneDelegate.Object.<anonymous>.ZoneDelegate.invokeTask (\u001b[2m\u001b[0m\u001b[36mnode_modules/zone.js/dist/zone.js\u001b[39m\u001b[0m\u001b[2m:420:36)\u001b[2m\u001b[22m\n\u001b[2m      \u001b[2mat Zone.Object.<anonymous>.Zone.runTask (\u001b[2m\u001b[0m\u001b[36mnode_modules/zone.js/dist/zone.js\u001b[39m\u001b[0m\u001b[2m:188:47)\u001b[2m\u001b[22m\n\u001b[2m      \u001b[2mat drainMicroTaskQueue (\u001b[2m\u001b[0m\u001b[36mnode_modules/zone.js/dist/zone.js\u001b[39m\u001b[0m\u001b[2m:595:35)\u001b[2m\u001b[22m\n\u001b[2m      \u001b[2mat ZoneTask.Object.<anonymous>.ZoneTask.invokeTask [as invoke] (\u001b[2m\u001b[0m\u001b[36mnode_modules/zone.js/dist/zone.js\u001b[39m\u001b[0m\u001b[2m:500:21)\u001b[2m\u001b[22m\n\u001b[2m      \u001b[2mat invokeTask (\u001b[2m\u001b[0m\u001b[36mnode_modules/zone.js/dist/zone.js\u001b[39m\u001b[0m\u001b[2m:1540:14)\u001b[2m\u001b[22m\n\u001b[2m      \u001b[2mat XMLHttpRequest.globalZoneAwareCallback (\u001b[2m\u001b[0m\u001b[36mnode_modules/zone.js/dist/zone.js\u001b[39m\u001b[0m\u001b[2m:1566:17)\u001b[2m\u001b[22m\n\u001b[2m      \u001b[2mat invokeEventListeners (\u001b[2m\u001b[0m\u001b[36mnode_modules/jsdom/lib/jsdom/living/events/EventTarget-impl.js\u001b[39m\u001b[0m\u001b[2m:193:27)\u001b[2m\u001b[22m\n\u001b[2m      \u001b[2mat XMLHttpRequestEventTargetImpl._dispatch (\u001b[2m\u001b[0m\u001b[36mnode_modules/jsdom/lib/jsdom/living/events/EventTarget-impl.js\u001b[39m\u001b[0m\u001b[2m:119:9)\u001b[2m\u001b[22m\n\u001b[2m      \u001b[2mat XMLHttpRequestEventTargetImpl.dispatchEvent (\u001b[2m\u001b[0m\u001b[36mnode_modules/jsdom/lib/jsdom/living/events/EventTarget-impl.js\u001b[39m\u001b[0m\u001b[2m:82:17)\u001b[2m\u001b[22m\n\u001b[2m      \u001b[2mat XMLHttpRequest.dispatchEvent (\u001b[2m\u001b[0m\u001b[36mnode_modules/jsdom/lib/jsdom/living/generated/EventTarget.js\u001b[39m\u001b[0m\u001b[2m:157:21)\u001b[2m\u001b[22m\n\u001b[2m      \u001b[2mat requestErrorSteps (\u001b[2m\u001b[0m\u001b[36mnode_modules/jsdom/lib/jsdom/living/xhr-utils.js\u001b[39m\u001b[0m\u001b[2m:132:7)\u001b[2m\u001b[22m\n\u001b[2m      \u001b[2mat Object.dispatchError (\u001b[2m\u001b[0m\u001b[36mnode_modules/jsdom/lib/jsdom/living/xhr-utils.js\u001b[39m\u001b[0m\u001b[2m:62:3)\u001b[2m\u001b[22m\n\u001b[2m      \u001b[2mat Request.client.on.err (\u001b[2m\u001b[0m\u001b[36mnode_modules/jsdom/lib/jsdom/living/xmlhttprequest.js\u001b[39m\u001b[0m\u001b[2m:676:20)\u001b[2m\u001b[22m\n\u001b[2m      \u001b[2mat Request.onRequestError (\u001b[2m\u001b[0m\u001b[36mnode_modules/request/request.js\u001b[39m\u001b[0m\u001b[2m:881:8)\u001b[2m\u001b[22m\n\n\u001b[1m\u001b[31m  \u001b[1m● \u001b[1mSearchBarComponent › should create\u001b[39m\u001b[22m\n\n    This test module uses the component SearchBarComponent which is using a \"templateUrl\" or \"styleUrls\", but they were never compiled. Please call \"TestBed.compileComponents\" before your test.\n\u001b[2m\u001b[22m\n\u001b[2m      \u001b[2mat TestBed.Object.<anonymous>.TestBed._initIfNeeded (\u001b[2m\u001b[0m\u001b[36m../../packages/core/testing/src/test_bed.ts\u001b[39m\u001b[0m\u001b[2m:353:17)\u001b[2m\u001b[22m\n\u001b[2m      \u001b[2mat TestBed.Object.<anonymous>.TestBed.createComponent (\u001b[2m\u001b[0m\u001b[36m../../packages/core/testing/src/test_bed.ts\u001b[39m\u001b[0m\u001b[2m:552:10)\u001b[2m\u001b[22m\n\u001b[2m      \u001b[2mat Function.Object.<anonymous>.TestBed.createComponent (\u001b[2m\u001b[0m\u001b[36m../../packages/core/testing/src/test_bed.ts\u001b[39m\u001b[0m\u001b[2m:201:25)\u001b[2m\u001b[22m\n\u001b[2m      \u001b[2mat \u001b[2m\u001b[0m\u001b[36msrc/app/modules/affiliate-hierarchy/components/search-bar/search-bar.component.spec.ts\u001b[39m\u001b[0m\u001b[2m:18:23\u001b[2m\u001b[22m\n\u001b[2m      \u001b[2mat ZoneDelegate.Object.<anonymous>.ZoneDelegate.invoke (\u001b[2m\u001b[0m\u001b[36mnode_modules/zone.js/dist/zone.js\u001b[39m\u001b[0m\u001b[2m:388:26)\u001b[2m\u001b[22m\n\u001b[2m      \u001b[2mat ProxyZoneSpec.Object.<anonymous>.ProxyZoneSpec.onInvoke (\u001b[2m\u001b[0m\u001b[36mnode_modules/zone.js/dist/proxy.js\u001b[39m\u001b[0m\u001b[2m:128:39)\u001b[2m\u001b[22m\n\u001b[2m      \u001b[2mat ZoneDelegate.Object.<anonymous>.ZoneDelegate.invoke (\u001b[2m\u001b[0m\u001b[36mnode_modules/zone.js/dist/zone.js\u001b[39m\u001b[0m\u001b[2m:387:32)\u001b[2m\u001b[22m\n\u001b[2m      \u001b[2mat Zone.Object.<anonymous>.Zone.run (\u001b[2m\u001b[0m\u001b[36mnode_modules/zone.js/dist/zone.js\u001b[39m\u001b[0m\u001b[2m:138:43)\u001b[2m\u001b[22m\n\u001b[2m      \u001b[2mat Object.testBody.length (\u001b[2m\u001b[0m\u001b[36mnode_modules/jest-zone-patch/index.js\u001b[39m\u001b[0m\u001b[2m:50:27)\u001b[2m\u001b[22m\n\n\u001b[1m\u001b[31m  \u001b[1m● \u001b[1mSearchBarComponent › should create\u001b[39m\u001b[22m\n\n    \u001b[2mexpect(\u001b[22m\u001b[31mreceived\u001b[39m\u001b[2m).toBeTruthy(\u001b[22m\u001b[2m)\u001b[22m\n\n    Received: \u001b[31mundefined\u001b[39m\n\u001b[2m\u001b[22m\n\u001b[2m    \u001b[0m \u001b[90m 22 | \u001b[39m\u001b[0m\u001b[22m\n\u001b[2m    \u001b[0m \u001b[90m 23 | \u001b[39m  it(\u001b[32m'should create'\u001b[39m\u001b[33m,\u001b[39m () \u001b[33m=>\u001b[39m {\u001b[0m\u001b[22m\n\u001b[2m    \u001b[0m\u001b[31m\u001b[1m>\u001b[2m\u001b[39m\u001b[90m 24 | \u001b[39m    expect(component)\u001b[33m.\u001b[39mtoBeTruthy()\u001b[33m;\u001b[39m\u001b[0m\u001b[22m\n\u001b[2m    \u001b[0m \u001b[90m    | \u001b[39m                      \u001b[31m\u001b[1m^\u001b[2m\u001b[39m\u001b[0m\u001b[22m\n\u001b[2m    \u001b[0m \u001b[90m 25 | \u001b[39m  })\u001b[33m;\u001b[39m\u001b[0m\u001b[22m\n\u001b[2m    \u001b[0m \u001b[90m 26 | \u001b[39m})\u001b[33m;\u001b[39m\u001b[0m\u001b[22m\n\u001b[2m    \u001b[0m \u001b[90m 27 | \u001b[39m\u001b[0m\u001b[22m\n\u001b[2m\u001b[22m\n\u001b[2m      \u001b[2mat \u001b[2m\u001b[0m\u001b[36msrc/app/modules/affiliate-hierarchy/components/search-bar/search-bar.component.spec.ts\u001b[39m\u001b[0m\u001b[2m:24:23\u001b[2m\u001b[22m\n\u001b[2m      \u001b[2mat ZoneDelegate.Object.<anonymous>.ZoneDelegate.invoke (\u001b[2m\u001b[0m\u001b[36mnode_modules/zone.js/dist/zone.js\u001b[39m\u001b[0m\u001b[2m:388:26)\u001b[2m\u001b[22m\n\u001b[2m      \u001b[2mat ProxyZoneSpec.Object.<anonymous>.ProxyZoneSpec.onInvoke (\u001b[2m\u001b[0m\u001b[36mnode_modules/zone.js/dist/proxy.js\u001b[39m\u001b[0m\u001b[2m:128:39)\u001b[2m\u001b[22m\n\u001b[2m      \u001b[2mat ZoneDelegate.Object.<anonymous>.ZoneDelegate.invoke (\u001b[2m\u001b[0m\u001b[36mnode_modules/zone.js/dist/zone.js\u001b[39m\u001b[0m\u001b[2m:387:32)\u001b[2m\u001b[22m\n\u001b[2m      \u001b[2mat Zone.Object.<anonymous>.Zone.run (\u001b[2m\u001b[0m\u001b[36mnode_modules/zone.js/dist/zone.js\u001b[39m\u001b[0m\u001b[2m:138:43)\u001b[2m\u001b[22m\n\u001b[2m      \u001b[2mat Object.testBody.length (\u001b[2m\u001b[0m\u001b[36mnode_modules/jest-zone-patch/index.js\u001b[39m\u001b[0m\u001b[2m:50:27)\u001b[2m\u001b[22m\n","name":"/Users/bschoche/IdeaProjects/POCs/evo-prototype/frontend/src/app/modules/affiliate-hierarchy/components/search-bar/search-bar.component.spec.ts","startTime":1535382679162,"status":"failed","summary":""},{"assertionResults":[{"ancestorTitles":["FooterBarComponent"],"failureMessages":["Error: Uncaught (in promise): Failed to load footer-bar.component.html\n    at resolvePromise (/Users/bschoche/IdeaProjects/POCs/evo-prototype/frontend/node_modules/zone.js/dist/zone.js:814:31)\n    at resolvePromise (/Users/bschoche/IdeaProjects/POCs/evo-prototype/frontend/node_modules/zone.js/dist/zone.js:771:17)\n    at /Users/bschoche/IdeaProjects/POCs/evo-prototype/frontend/node_modules/zone.js/dist/zone.js:873:17\n    at ZoneDelegate.Object.<anonymous>.ZoneDelegate.invokeTask (/Users/bschoche/IdeaProjects/POCs/evo-prototype/frontend/node_modules/zone.js/dist/zone.js:421:31)\n    at AsyncTestZoneSpec.Object.<anonymous>.AsyncTestZoneSpec.onInvokeTask (/Users/bschoche/IdeaProjects/POCs/evo-prototype/frontend/node_modules/zone.js/dist/async-test.js:90:25)\n    at ProxyZoneSpec.Object.<anonymous>.ProxyZoneSpec.onInvokeTask (/Users/bschoche/IdeaProjects/POCs/evo-prototype/frontend/node_modules/zone.js/dist/proxy.js:156:39)\n    at ZoneDelegate.Object.<anonymous>.ZoneDelegate.invokeTask (/Users/bschoche/IdeaProjects/POCs/evo-prototype/frontend/node_modules/zone.js/dist/zone.js:420:36)\n    at Zone.Object.<anonymous>.Zone.runTask (/Users/bschoche/IdeaProjects/POCs/evo-prototype/frontend/node_modules/zone.js/dist/zone.js:188:47)\n    at drainMicroTaskQueue (/Users/bschoche/IdeaProjects/POCs/evo-prototype/frontend/node_modules/zone.js/dist/zone.js:595:35)\n    at ZoneTask.Object.<anonymous>.ZoneTask.invokeTask [as invoke] (/Users/bschoche/IdeaProjects/POCs/evo-prototype/frontend/node_modules/zone.js/dist/zone.js:500:21)\n    at invokeTask (/Users/bschoche/IdeaProjects/POCs/evo-prototype/frontend/node_modules/zone.js/dist/zone.js:1540:14)\n    at XMLHttpRequest.globalZoneAwareCallback (/Users/bschoche/IdeaProjects/POCs/evo-prototype/frontend/node_modules/zone.js/dist/zone.js:1566:17)\n    at invokeEventListeners (/Users/bschoche/IdeaProjects/POCs/evo-prototype/frontend/node_modules/jsdom/lib/jsdom/living/events/EventTarget-impl.js:193:27)\n    at XMLHttpRequestEventTargetImpl._dispatch (/Users/bschoche/IdeaProjects/POCs/evo-prototype/frontend/node_modules/jsdom/lib/jsdom/living/events/EventTarget-impl.js:119:9)\n    at XMLHttpRequestEventTargetImpl.dispatchEvent (/Users/bschoche/IdeaProjects/POCs/evo-prototype/frontend/node_modules/jsdom/lib/jsdom/living/events/EventTarget-impl.js:82:17)\n    at XMLHttpRequest.dispatchEvent (/Users/bschoche/IdeaProjects/POCs/evo-prototype/frontend/node_modules/jsdom/lib/jsdom/living/generated/EventTarget.js:157:21)\n    at requestErrorSteps (/Users/bschoche/IdeaProjects/POCs/evo-prototype/frontend/node_modules/jsdom/lib/jsdom/living/xhr-utils.js:132:7)\n    at Object.dispatchError (/Users/bschoche/IdeaProjects/POCs/evo-prototype/frontend/node_modules/jsdom/lib/jsdom/living/xhr-utils.js:62:3)\n    at Request.client.on.err (/Users/bschoche/IdeaProjects/POCs/evo-prototype/frontend/node_modules/jsdom/lib/jsdom/living/xmlhttprequest.js:676:20)\n    at emitOne (events.js:121:20)\n    at Request.emit (events.js:211:7)\n    at Request.onRequestError (/Users/bschoche/IdeaProjects/POCs/evo-prototype/frontend/node_modules/request/request.js:881:8)\n    at emitOne (events.js:116:13)\n    at ClientRequest.emit (events.js:211:7)\n    at Socket.socketErrorListener (_http_client.js:387:9)\n    at emitOne (events.js:116:13)\n    at Socket.emit (events.js:211:7)\n    at emitErrorNT (internal/streams/destroy.js:64:8)\n    at _combinedTickCallback (internal/process/next_tick.js:138:11)\n    at process._tickCallback (internal/process/next_tick.js:180:9)","Error: This test module uses the component FooterBarComponent which is using a \"templateUrl\" or \"styleUrls\", but they were never compiled. Please call \"TestBed.compileComponents\" before your test.\n    at TestBed.Object.<anonymous>.TestBed._initIfNeeded (/Users/bschoche/IdeaProjects/POCs/packages/core/testing/src/test_bed.ts:353:17)\n    at TestBed.Object.<anonymous>.TestBed.createComponent (/Users/bschoche/IdeaProjects/POCs/packages/core/testing/src/test_bed.ts:552:10)\n    at Function.Object.<anonymous>.TestBed.createComponent (/Users/bschoche/IdeaProjects/POCs/packages/core/testing/src/test_bed.ts:201:25)\n    at /Users/bschoche/IdeaProjects/POCs/evo-prototype/frontend/src/app/modules/affiliate-hierarchy/components/footer-bar/footer-bar.component.spec.ts:18:23\n    at ZoneDelegate.Object.<anonymous>.ZoneDelegate.invoke (/Users/bschoche/IdeaProjects/POCs/evo-prototype/frontend/node_modules/zone.js/dist/zone.js:388:26)\n    at ProxyZoneSpec.Object.<anonymous>.ProxyZoneSpec.onInvoke (/Users/bschoche/IdeaProjects/POCs/evo-prototype/frontend/node_modules/zone.js/dist/proxy.js:128:39)\n    at ZoneDelegate.Object.<anonymous>.ZoneDelegate.invoke (/Users/bschoche/IdeaProjects/POCs/evo-prototype/frontend/node_modules/zone.js/dist/zone.js:387:32)\n    at Zone.Object.<anonymous>.Zone.run (/Users/bschoche/IdeaProjects/POCs/evo-prototype/frontend/node_modules/zone.js/dist/zone.js:138:43)\n    at Object.testBody.length (/Users/bschoche/IdeaProjects/POCs/evo-prototype/frontend/node_modules/jest-zone-patch/index.js:50:27)\n    at Object.asyncJestLifecycle (/Users/bschoche/IdeaProjects/POCs/evo-prototype/frontend/node_modules/jest-jasmine2/build/jasmine_async.js:63:37)\n    at resolve (/Users/bschoche/IdeaProjects/POCs/evo-prototype/frontend/node_modules/jest-jasmine2/build/queue_runner.js:56:12)\n    at new Promise (<anonymous>)\n    at mapper (/Users/bschoche/IdeaProjects/POCs/evo-prototype/frontend/node_modules/jest-jasmine2/build/queue_runner.js:43:19)\n    at promise.then (/Users/bschoche/IdeaProjects/POCs/evo-prototype/frontend/node_modules/jest-jasmine2/build/queue_runner.js:87:41)\n    at <anonymous>\n    at process._tickCallback (internal/process/next_tick.js:188:7)","Error: \u001b[2mexpect(\u001b[22m\u001b[31mreceived\u001b[39m\u001b[2m).toBeTruthy(\u001b[22m\u001b[2m)\u001b[22m\n\nReceived: \u001b[31mundefined\u001b[39m\n    at /Users/bschoche/IdeaProjects/POCs/evo-prototype/frontend/src/app/modules/affiliate-hierarchy/components/footer-bar/footer-bar.component.spec.ts:24:23\n    at ZoneDelegate.Object.<anonymous>.ZoneDelegate.invoke (/Users/bschoche/IdeaProjects/POCs/evo-prototype/frontend/node_modules/zone.js/dist/zone.js:388:26)\n    at ProxyZoneSpec.Object.<anonymous>.ProxyZoneSpec.onInvoke (/Users/bschoche/IdeaProjects/POCs/evo-prototype/frontend/node_modules/zone.js/dist/proxy.js:128:39)\n    at ZoneDelegate.Object.<anonymous>.ZoneDelegate.invoke (/Users/bschoche/IdeaProjects/POCs/evo-prototype/frontend/node_modules/zone.js/dist/zone.js:387:32)\n    at Zone.Object.<anonymous>.Zone.run (/Users/bschoche/IdeaProjects/POCs/evo-prototype/frontend/node_modules/zone.js/dist/zone.js:138:43)\n    at Object.testBody.length (/Users/bschoche/IdeaProjects/POCs/evo-prototype/frontend/node_modules/jest-zone-patch/index.js:50:27)\n    at Object.asyncJestTest (/Users/bschoche/IdeaProjects/POCs/evo-prototype/frontend/node_modules/jest-jasmine2/build/jasmine_async.js:108:37)\n    at resolve (/Users/bschoche/IdeaProjects/POCs/evo-prototype/frontend/node_modules/jest-jasmine2/build/queue_runner.js:56:12)\n    at new Promise (<anonymous>)\n    at mapper (/Users/bschoche/IdeaProjects/POCs/evo-prototype/frontend/node_modules/jest-jasmine2/build/queue_runner.js:43:19)\n    at promise.then (/Users/bschoche/IdeaProjects/POCs/evo-prototype/frontend/node_modules/jest-jasmine2/build/queue_runner.js:87:41)\n    at <anonymous>\n    at process._tickCallback (internal/process/next_tick.js:188:7)"],"fullName":"FooterBarComponent should create","location":null,"status":"failed","title":"should create"},{"ancestorTitles":["FooterBarComponent"],"failureMessages":["Error: Uncaught (in promise): Failed to load footer-bar.component.html\n    at resolvePromise (/Users/bschoche/IdeaProjects/POCs/evo-prototype/frontend/node_modules/zone.js/dist/zone.js:814:31)\n    at resolvePromise (/Users/bschoche/IdeaProjects/POCs/evo-prototype/frontend/node_modules/zone.js/dist/zone.js:771:17)\n    at /Users/bschoche/IdeaProjects/POCs/evo-prototype/frontend/node_modules/zone.js/dist/zone.js:873:17\n    at ZoneDelegate.Object.<anonymous>.ZoneDelegate.invokeTask (/Users/bschoche/IdeaProjects/POCs/evo-prototype/frontend/node_modules/zone.js/dist/zone.js:421:31)\n    at AsyncTestZoneSpec.Object.<anonymous>.AsyncTestZoneSpec.onInvokeTask (/Users/bschoche/IdeaProjects/POCs/evo-prototype/frontend/node_modules/zone.js/dist/async-test.js:90:25)\n    at ProxyZoneSpec.Object.<anonymous>.ProxyZoneSpec.onInvokeTask (/Users/bschoche/IdeaProjects/POCs/evo-prototype/frontend/node_modules/zone.js/dist/proxy.js:156:39)\n    at ZoneDelegate.Object.<anonymous>.ZoneDelegate.invokeTask (/Users/bschoche/IdeaProjects/POCs/evo-prototype/frontend/node_modules/zone.js/dist/zone.js:420:36)\n    at Zone.Object.<anonymous>.Zone.runTask (/Users/bschoche/IdeaProjects/POCs/evo-prototype/frontend/node_modules/zone.js/dist/zone.js:188:47)\n    at drainMicroTaskQueue (/Users/bschoche/IdeaProjects/POCs/evo-prototype/frontend/node_modules/zone.js/dist/zone.js:595:35)\n    at ZoneTask.Object.<anonymous>.ZoneTask.invokeTask [as invoke] (/Users/bschoche/IdeaProjects/POCs/evo-prototype/frontend/node_modules/zone.js/dist/zone.js:500:21)\n    at invokeTask (/Users/bschoche/IdeaProjects/POCs/evo-prototype/frontend/node_modules/zone.js/dist/zone.js:1540:14)\n    at XMLHttpRequest.globalZoneAwareCallback (/Users/bschoche/IdeaProjects/POCs/evo-prototype/frontend/node_modules/zone.js/dist/zone.js:1566:17)\n    at invokeEventListeners (/Users/bschoche/IdeaProjects/POCs/evo-prototype/frontend/node_modules/jsdom/lib/jsdom/living/events/EventTarget-impl.js:193:27)\n    at XMLHttpRequestEventTargetImpl._dispatch (/Users/bschoche/IdeaProjects/POCs/evo-prototype/frontend/node_modules/jsdom/lib/jsdom/living/events/EventTarget-impl.js:119:9)\n    at XMLHttpRequestEventTargetImpl.dispatchEvent (/Users/bschoche/IdeaProjects/POCs/evo-prototype/frontend/node_modules/jsdom/lib/jsdom/living/events/EventTarget-impl.js:82:17)\n    at XMLHttpRequest.dispatchEvent (/Users/bschoche/IdeaProjects/POCs/evo-prototype/frontend/node_modules/jsdom/lib/jsdom/living/generated/EventTarget.js:157:21)\n    at requestErrorSteps (/Users/bschoche/IdeaProjects/POCs/evo-prototype/frontend/node_modules/jsdom/lib/jsdom/living/xhr-utils.js:132:7)\n    at Object.dispatchError (/Users/bschoche/IdeaProjects/POCs/evo-prototype/frontend/node_modules/jsdom/lib/jsdom/living/xhr-utils.js:62:3)\n    at Request.client.on.err (/Users/bschoche/IdeaProjects/POCs/evo-prototype/frontend/node_modules/jsdom/lib/jsdom/living/xmlhttprequest.js:676:20)\n    at emitOne (events.js:121:20)\n    at Request.emit (events.js:211:7)\n    at Request.onRequestError (/Users/bschoche/IdeaProjects/POCs/evo-prototype/frontend/node_modules/request/request.js:881:8)\n    at emitOne (events.js:116:13)\n    at ClientRequest.emit (events.js:211:7)\n    at Socket.socketErrorListener (_http_client.js:387:9)\n    at emitOne (events.js:116:13)\n    at Socket.emit (events.js:211:7)\n    at emitErrorNT (internal/streams/destroy.js:64:8)\n    at _combinedTickCallback (internal/process/next_tick.js:138:11)\n    at process._tickCallback (internal/process/next_tick.js:180:9)","Error: This test module uses the component FooterBarComponent which is using a \"templateUrl\" or \"styleUrls\", but they were never compiled. Please call \"TestBed.compileComponents\" before your test.\n    at TestBed.Object.<anonymous>.TestBed._initIfNeeded (/Users/bschoche/IdeaProjects/POCs/packages/core/testing/src/test_bed.ts:353:17)\n    at TestBed.Object.<anonymous>.TestBed.createComponent (/Users/bschoche/IdeaProjects/POCs/packages/core/testing/src/test_bed.ts:552:10)\n    at Function.Object.<anonymous>.TestBed.createComponent (/Users/bschoche/IdeaProjects/POCs/packages/core/testing/src/test_bed.ts:201:25)\n    at /Users/bschoche/IdeaProjects/POCs/evo-prototype/frontend/src/app/modules/affiliate-hierarchy/components/footer-bar/footer-bar.component.spec.ts:18:23\n    at ZoneDelegate.Object.<anonymous>.ZoneDelegate.invoke (/Users/bschoche/IdeaProjects/POCs/evo-prototype/frontend/node_modules/zone.js/dist/zone.js:388:26)\n    at ProxyZoneSpec.Object.<anonymous>.ProxyZoneSpec.onInvoke (/Users/bschoche/IdeaProjects/POCs/evo-prototype/frontend/node_modules/zone.js/dist/proxy.js:128:39)\n    at ZoneDelegate.Object.<anonymous>.ZoneDelegate.invoke (/Users/bschoche/IdeaProjects/POCs/evo-prototype/frontend/node_modules/zone.js/dist/zone.js:387:32)\n    at Zone.Object.<anonymous>.Zone.run (/Users/bschoche/IdeaProjects/POCs/evo-prototype/frontend/node_modules/zone.js/dist/zone.js:138:43)\n    at Object.testBody.length (/Users/bschoche/IdeaProjects/POCs/evo-prototype/frontend/node_modules/jest-zone-patch/index.js:50:27)\n    at Object.asyncJestLifecycle (/Users/bschoche/IdeaProjects/POCs/evo-prototype/frontend/node_modules/jest-jasmine2/build/jasmine_async.js:63:37)\n    at resolve (/Users/bschoche/IdeaProjects/POCs/evo-prototype/frontend/node_modules/jest-jasmine2/build/queue_runner.js:56:12)\n    at new Promise (<anonymous>)\n    at mapper (/Users/bschoche/IdeaProjects/POCs/evo-prototype/frontend/node_modules/jest-jasmine2/build/queue_runner.js:43:19)\n    at promise.then (/Users/bschoche/IdeaProjects/POCs/evo-prototype/frontend/node_modules/jest-jasmine2/build/queue_runner.js:87:41)\n    at <anonymous>\n    at process._tickCallback (internal/process/next_tick.js:188:7)","TypeError: Cannot read property 'onSelectCard' of undefined\n    at /Users/bschoche/IdeaProjects/POCs/evo-prototype/frontend/src/app/modules/affiliate-hierarchy/components/footer-bar/footer-bar.component.spec.ts:28:15\n    at ZoneDelegate.Object.<anonymous>.ZoneDelegate.invoke (/Users/bschoche/IdeaProjects/POCs/evo-prototype/frontend/node_modules/zone.js/dist/zone.js:388:26)\n    at ProxyZoneSpec.Object.<anonymous>.ProxyZoneSpec.onInvoke (/Users/bschoche/IdeaProjects/POCs/evo-prototype/frontend/node_modules/zone.js/dist/proxy.js:128:39)\n    at ZoneDelegate.Object.<anonymous>.ZoneDelegate.invoke (/Users/bschoche/IdeaProjects/POCs/evo-prototype/frontend/node_modules/zone.js/dist/zone.js:387:32)\n    at Zone.Object.<anonymous>.Zone.run (/Users/bschoche/IdeaProjects/POCs/evo-prototype/frontend/node_modules/zone.js/dist/zone.js:138:43)\n    at Object.testBody.length (/Users/bschoche/IdeaProjects/POCs/evo-prototype/frontend/node_modules/jest-zone-patch/index.js:50:27)\n    at Object.asyncJestTest (/Users/bschoche/IdeaProjects/POCs/evo-prototype/frontend/node_modules/jest-jasmine2/build/jasmine_async.js:108:37)\n    at resolve (/Users/bschoche/IdeaProjects/POCs/evo-prototype/frontend/node_modules/jest-jasmine2/build/queue_runner.js:56:12)\n    at new Promise (<anonymous>)\n    at mapper (/Users/bschoche/IdeaProjects/POCs/evo-prototype/frontend/node_modules/jest-jasmine2/build/queue_runner.js:43:19)\n    at promise.then (/Users/bschoche/IdeaProjects/POCs/evo-prototype/frontend/node_modules/jest-jasmine2/build/queue_runner.js:87:41)\n    at <anonymous>\n    at process._tickCallback (internal/process/next_tick.js:188:7)"],"fullName":"FooterBarComponent should show selected card","location":null,"status":"failed","title":"should show selected card"}],"endTime":1535382683794,"message":"\u001b[1m\u001b[31m  \u001b[1m● \u001b[1mFooterBarComponent › should create\u001b[39m\u001b[22m\n\n    Uncaught (in promise): Failed to load footer-bar.component.html\n\u001b[2m\u001b[22m\n\u001b[2m      \u001b[2mat resolvePromise (\u001b[2m\u001b[0m\u001b[36mnode_modules/zone.js/dist/zone.js\u001b[39m\u001b[0m\u001b[2m:814:31)\u001b[2m\u001b[22m\n\u001b[2m      \u001b[2mat resolvePromise (\u001b[2m\u001b[0m\u001b[36mnode_modules/zone.js/dist/zone.js\u001b[39m\u001b[0m\u001b[2m:771:17)\u001b[2m\u001b[22m\n\u001b[2m      \u001b[2mat \u001b[2m\u001b[0m\u001b[36mnode_modules/zone.js/dist/zone.js\u001b[39m\u001b[0m\u001b[2m:873:17\u001b[2m\u001b[22m\n\u001b[2m      \u001b[2mat ZoneDelegate.Object.<anonymous>.ZoneDelegate.invokeTask (\u001b[2m\u001b[0m\u001b[36mnode_modules/zone.js/dist/zone.js\u001b[39m\u001b[0m\u001b[2m:421:31)\u001b[2m\u001b[22m\n\u001b[2m      \u001b[2mat AsyncTestZoneSpec.Object.<anonymous>.AsyncTestZoneSpec.onInvokeTask (\u001b[2m\u001b[0m\u001b[36mnode_modules/zone.js/dist/async-test.js\u001b[39m\u001b[0m\u001b[2m:90:25)\u001b[2m\u001b[22m\n\u001b[2m      \u001b[2mat ProxyZoneSpec.Object.<anonymous>.ProxyZoneSpec.onInvokeTask (\u001b[2m\u001b[0m\u001b[36mnode_modules/zone.js/dist/proxy.js\u001b[39m\u001b[0m\u001b[2m:156:39)\u001b[2m\u001b[22m\n\u001b[2m      \u001b[2mat ZoneDelegate.Object.<anonymous>.ZoneDelegate.invokeTask (\u001b[2m\u001b[0m\u001b[36mnode_modules/zone.js/dist/zone.js\u001b[39m\u001b[0m\u001b[2m:420:36)\u001b[2m\u001b[22m\n\u001b[2m      \u001b[2mat Zone.Object.<anonymous>.Zone.runTask (\u001b[2m\u001b[0m\u001b[36mnode_modules/zone.js/dist/zone.js\u001b[39m\u001b[0m\u001b[2m:188:47)\u001b[2m\u001b[22m\n\u001b[2m      \u001b[2mat drainMicroTaskQueue (\u001b[2m\u001b[0m\u001b[36mnode_modules/zone.js/dist/zone.js\u001b[39m\u001b[0m\u001b[2m:595:35)\u001b[2m\u001b[22m\n\u001b[2m      \u001b[2mat ZoneTask.Object.<anonymous>.ZoneTask.invokeTask [as invoke] (\u001b[2m\u001b[0m\u001b[36mnode_modules/zone.js/dist/zone.js\u001b[39m\u001b[0m\u001b[2m:500:21)\u001b[2m\u001b[22m\n\u001b[2m      \u001b[2mat invokeTask (\u001b[2m\u001b[0m\u001b[36mnode_modules/zone.js/dist/zone.js\u001b[39m\u001b[0m\u001b[2m:1540:14)\u001b[2m\u001b[22m\n\u001b[2m      \u001b[2mat XMLHttpRequest.globalZoneAwareCallback (\u001b[2m\u001b[0m\u001b[36mnode_modules/zone.js/dist/zone.js\u001b[39m\u001b[0m\u001b[2m:1566:17)\u001b[2m\u001b[22m\n\u001b[2m      \u001b[2mat invokeEventListeners (\u001b[2m\u001b[0m\u001b[36mnode_modules/jsdom/lib/jsdom/living/events/EventTarget-impl.js\u001b[39m\u001b[0m\u001b[2m:193:27)\u001b[2m\u001b[22m\n\u001b[2m      \u001b[2mat XMLHttpRequestEventTargetImpl._dispatch (\u001b[2m\u001b[0m\u001b[36mnode_modules/jsdom/lib/jsdom/living/events/EventTarget-impl.js\u001b[39m\u001b[0m\u001b[2m:119:9)\u001b[2m\u001b[22m\n\u001b[2m      \u001b[2mat XMLHttpRequestEventTargetImpl.dispatchEvent (\u001b[2m\u001b[0m\u001b[36mnode_modules/jsdom/lib/jsdom/living/events/EventTarget-impl.js\u001b[39m\u001b[0m\u001b[2m:82:17)\u001b[2m\u001b[22m\n\u001b[2m      \u001b[2mat XMLHttpRequest.dispatchEvent (\u001b[2m\u001b[0m\u001b[36mnode_modules/jsdom/lib/jsdom/living/generated/EventTarget.js\u001b[39m\u001b[0m\u001b[2m:157:21)\u001b[2m\u001b[22m\n\u001b[2m      \u001b[2mat requestErrorSteps (\u001b[2m\u001b[0m\u001b[36mnode_modules/jsdom/lib/jsdom/living/xhr-utils.js\u001b[39m\u001b[0m\u001b[2m:132:7)\u001b[2m\u001b[22m\n\u001b[2m      \u001b[2mat Object.dispatchError (\u001b[2m\u001b[0m\u001b[36mnode_modules/jsdom/lib/jsdom/living/xhr-utils.js\u001b[39m\u001b[0m\u001b[2m:62:3)\u001b[2m\u001b[22m\n\u001b[2m      \u001b[2mat Request.client.on.err (\u001b[2m\u001b[0m\u001b[36mnode_modules/jsdom/lib/jsdom/living/xmlhttprequest.js\u001b[39m\u001b[0m\u001b[2m:676:20)\u001b[2m\u001b[22m\n\u001b[2m      \u001b[2mat Request.onRequestError (\u001b[2m\u001b[0m\u001b[36mnode_modules/request/request.js\u001b[39m\u001b[0m\u001b[2m:881:8)\u001b[2m\u001b[22m\n\n\u001b[1m\u001b[31m  \u001b[1m● \u001b[1mFooterBarComponent › should create\u001b[39m\u001b[22m\n\n    This test module uses the component FooterBarComponent which is using a \"templateUrl\" or \"styleUrls\", but they were never compiled. Please call \"TestBed.compileComponents\" before your test.\n\u001b[2m\u001b[22m\n\u001b[2m      \u001b[2mat TestBed.Object.<anonymous>.TestBed._initIfNeeded (\u001b[2m\u001b[0m\u001b[36m../../packages/core/testing/src/test_bed.ts\u001b[39m\u001b[0m\u001b[2m:353:17)\u001b[2m\u001b[22m\n\u001b[2m      \u001b[2mat TestBed.Object.<anonymous>.TestBed.createComponent (\u001b[2m\u001b[0m\u001b[36m../../packages/core/testing/src/test_bed.ts\u001b[39m\u001b[0m\u001b[2m:552:10)\u001b[2m\u001b[22m\n\u001b[2m      \u001b[2mat Function.Object.<anonymous>.TestBed.createComponent (\u001b[2m\u001b[0m\u001b[36m../../packages/core/testing/src/test_bed.ts\u001b[39m\u001b[0m\u001b[2m:201:25)\u001b[2m\u001b[22m\n\u001b[2m      \u001b[2mat \u001b[2m\u001b[0m\u001b[36msrc/app/modules/affiliate-hierarchy/components/footer-bar/footer-bar.component.spec.ts\u001b[39m\u001b[0m\u001b[2m:18:23\u001b[2m\u001b[22m\n\u001b[2m      \u001b[2mat ZoneDelegate.Object.<anonymous>.ZoneDelegate.invoke (\u001b[2m\u001b[0m\u001b[36mnode_modules/zone.js/dist/zone.js\u001b[39m\u001b[0m\u001b[2m:388:26)\u001b[2m\u001b[22m\n\u001b[2m      \u001b[2mat ProxyZoneSpec.Object.<anonymous>.ProxyZoneSpec.onInvoke (\u001b[2m\u001b[0m\u001b[36mnode_modules/zone.js/dist/proxy.js\u001b[39m\u001b[0m\u001b[2m:128:39)\u001b[2m\u001b[22m\n\u001b[2m      \u001b[2mat ZoneDelegate.Object.<anonymous>.ZoneDelegate.invoke (\u001b[2m\u001b[0m\u001b[36mnode_modules/zone.js/dist/zone.js\u001b[39m\u001b[0m\u001b[2m:387:32)\u001b[2m\u001b[22m\n\u001b[2m      \u001b[2mat Zone.Object.<anonymous>.Zone.run (\u001b[2m\u001b[0m\u001b[36mnode_modules/zone.js/dist/zone.js\u001b[39m\u001b[0m\u001b[2m:138:43)\u001b[2m\u001b[22m\n\u001b[2m      \u001b[2mat Object.testBody.length (\u001b[2m\u001b[0m\u001b[36mnode_modules/jest-zone-patch/index.js\u001b[39m\u001b[0m\u001b[2m:50:27)\u001b[2m\u001b[22m\n\n\u001b[1m\u001b[31m  \u001b[1m● \u001b[1mFooterBarComponent › should create\u001b[39m\u001b[22m\n\n    \u001b[2mexpect(\u001b[22m\u001b[31mreceived\u001b[39m\u001b[2m).toBeTruthy(\u001b[22m\u001b[2m)\u001b[22m\n\n    Received: \u001b[31mundefined\u001b[39m\n\u001b[2m\u001b[22m\n\u001b[2m    \u001b[0m \u001b[90m 22 | \u001b[39m\u001b[0m\u001b[22m\n\u001b[2m    \u001b[0m \u001b[90m 23 | \u001b[39m  it(\u001b[32m'should create'\u001b[39m\u001b[33m,\u001b[39m () \u001b[33m=>\u001b[39m {\u001b[0m\u001b[22m\n\u001b[2m    \u001b[0m\u001b[31m\u001b[1m>\u001b[2m\u001b[39m\u001b[90m 24 | \u001b[39m    expect(component)\u001b[33m.\u001b[39mtoBeTruthy()\u001b[33m;\u001b[39m\u001b[0m\u001b[22m\n\u001b[2m    \u001b[0m \u001b[90m    | \u001b[39m                      \u001b[31m\u001b[1m^\u001b[2m\u001b[39m\u001b[0m\u001b[22m\n\u001b[2m    \u001b[0m \u001b[90m 25 | \u001b[39m  })\u001b[33m;\u001b[39m\u001b[0m\u001b[22m\n\u001b[2m    \u001b[0m \u001b[90m 26 | \u001b[39m\u001b[0m\u001b[22m\n\u001b[2m    \u001b[0m \u001b[90m 27 | \u001b[39m  it(\u001b[32m'should show selected card'\u001b[39m\u001b[33m,\u001b[39m () \u001b[33m=>\u001b[39m {\u001b[0m\u001b[22m\n\u001b[2m\u001b[22m\n\u001b[2m      \u001b[2mat \u001b[2m\u001b[0m\u001b[36msrc/app/modules/affiliate-hierarchy/components/footer-bar/footer-bar.component.spec.ts\u001b[39m\u001b[0m\u001b[2m:24:23\u001b[2m\u001b[22m\n\u001b[2m      \u001b[2mat ZoneDelegate.Object.<anonymous>.ZoneDelegate.invoke (\u001b[2m\u001b[0m\u001b[36mnode_modules/zone.js/dist/zone.js\u001b[39m\u001b[0m\u001b[2m:388:26)\u001b[2m\u001b[22m\n\u001b[2m      \u001b[2mat ProxyZoneSpec.Object.<anonymous>.ProxyZoneSpec.onInvoke (\u001b[2m\u001b[0m\u001b[36mnode_modules/zone.js/dist/proxy.js\u001b[39m\u001b[0m\u001b[2m:128:39)\u001b[2m\u001b[22m\n\u001b[2m      \u001b[2mat ZoneDelegate.Object.<anonymous>.ZoneDelegate.invoke (\u001b[2m\u001b[0m\u001b[36mnode_modules/zone.js/dist/zone.js\u001b[39m\u001b[0m\u001b[2m:387:32)\u001b[2m\u001b[22m\n\u001b[2m      \u001b[2mat Zone.Object.<anonymous>.Zone.run (\u001b[2m\u001b[0m\u001b[36mnode_modules/zone.js/dist/zone.js\u001b[39m\u001b[0m\u001b[2m:138:43)\u001b[2m\u001b[22m\n\u001b[2m      \u001b[2mat Object.testBody.length (\u001b[2m\u001b[0m\u001b[36mnode_modules/jest-zone-patch/index.js\u001b[39m\u001b[0m\u001b[2m:50:27)\u001b[2m\u001b[22m\n\n\u001b[1m\u001b[31m  \u001b[1m● \u001b[1mFooterBarComponent › should show selected card\u001b[39m\u001b[22m\n\n    Uncaught (in promise): Failed to load footer-bar.component.html\n\u001b[2m\u001b[22m\n\u001b[2m      \u001b[2mat resolvePromise (\u001b[2m\u001b[0m\u001b[36mnode_modules/zone.js/dist/zone.js\u001b[39m\u001b[0m\u001b[2m:814:31)\u001b[2m\u001b[22m\n\u001b[2m      \u001b[2mat resolvePromise (\u001b[2m\u001b[0m\u001b[36mnode_modules/zone.js/dist/zone.js\u001b[39m\u001b[0m\u001b[2m:771:17)\u001b[2m\u001b[22m\n\u001b[2m      \u001b[2mat \u001b[2m\u001b[0m\u001b[36mnode_modules/zone.js/dist/zone.js\u001b[39m\u001b[0m\u001b[2m:873:17\u001b[2m\u001b[22m\n\u001b[2m      \u001b[2mat ZoneDelegate.Object.<anonymous>.ZoneDelegate.invokeTask (\u001b[2m\u001b[0m\u001b[36mnode_modules/zone.js/dist/zone.js\u001b[39m\u001b[0m\u001b[2m:421:31)\u001b[2m\u001b[22m\n\u001b[2m      \u001b[2mat AsyncTestZoneSpec.Object.<anonymous>.AsyncTestZoneSpec.onInvokeTask (\u001b[2m\u001b[0m\u001b[36mnode_modules/zone.js/dist/async-test.js\u001b[39m\u001b[0m\u001b[2m:90:25)\u001b[2m\u001b[22m\n\u001b[2m      \u001b[2mat ProxyZoneSpec.Object.<anonymous>.ProxyZoneSpec.onInvokeTask (\u001b[2m\u001b[0m\u001b[36mnode_modules/zone.js/dist/proxy.js\u001b[39m\u001b[0m\u001b[2m:156:39)\u001b[2m\u001b[22m\n\u001b[2m      \u001b[2mat ZoneDelegate.Object.<anonymous>.ZoneDelegate.invokeTask (\u001b[2m\u001b[0m\u001b[36mnode_modules/zone.js/dist/zone.js\u001b[39m\u001b[0m\u001b[2m:420:36)\u001b[2m\u001b[22m\n\u001b[2m      \u001b[2mat Zone.Object.<anonymous>.Zone.runTask (\u001b[2m\u001b[0m\u001b[36mnode_modules/zone.js/dist/zone.js\u001b[39m\u001b[0m\u001b[2m:188:47)\u001b[2m\u001b[22m\n\u001b[2m      \u001b[2mat drainMicroTaskQueue (\u001b[2m\u001b[0m\u001b[36mnode_modules/zone.js/dist/zone.js\u001b[39m\u001b[0m\u001b[2m:595:35)\u001b[2m\u001b[22m\n\u001b[2m      \u001b[2mat ZoneTask.Object.<anonymous>.ZoneTask.invokeTask [as invoke] (\u001b[2m\u001b[0m\u001b[36mnode_modules/zone.js/dist/zone.js\u001b[39m\u001b[0m\u001b[2m:500:21)\u001b[2m\u001b[22m\n\u001b[2m      \u001b[2mat invokeTask (\u001b[2m\u001b[0m\u001b[36mnode_modules/zone.js/dist/zone.js\u001b[39m\u001b[0m\u001b[2m:1540:14)\u001b[2m\u001b[22m\n\u001b[2m      \u001b[2mat XMLHttpRequest.globalZoneAwareCallback (\u001b[2m\u001b[0m\u001b[36mnode_modules/zone.js/dist/zone.js\u001b[39m\u001b[0m\u001b[2m:1566:17)\u001b[2m\u001b[22m\n\u001b[2m      \u001b[2mat invokeEventListeners (\u001b[2m\u001b[0m\u001b[36mnode_modules/jsdom/lib/jsdom/living/events/EventTarget-impl.js\u001b[39m\u001b[0m\u001b[2m:193:27)\u001b[2m\u001b[22m\n\u001b[2m      \u001b[2mat XMLHttpRequestEventTargetImpl._dispatch (\u001b[2m\u001b[0m\u001b[36mnode_modules/jsdom/lib/jsdom/living/events/EventTarget-impl.js\u001b[39m\u001b[0m\u001b[2m:119:9)\u001b[2m\u001b[22m\n\u001b[2m      \u001b[2mat XMLHttpRequestEventTargetImpl.dispatchEvent (\u001b[2m\u001b[0m\u001b[36mnode_modules/jsdom/lib/jsdom/living/events/EventTarget-impl.js\u001b[39m\u001b[0m\u001b[2m:82:17)\u001b[2m\u001b[22m\n\u001b[2m      \u001b[2mat XMLHttpRequest.dispatchEvent (\u001b[2m\u001b[0m\u001b[36mnode_modules/jsdom/lib/jsdom/living/generated/EventTarget.js\u001b[39m\u001b[0m\u001b[2m:157:21)\u001b[2m\u001b[22m\n\u001b[2m      \u001b[2mat requestErrorSteps (\u001b[2m\u001b[0m\u001b[36mnode_modules/jsdom/lib/jsdom/living/xhr-utils.js\u001b[39m\u001b[0m\u001b[2m:132:7)\u001b[2m\u001b[22m\n\u001b[2m      \u001b[2mat Object.dispatchError (\u001b[2m\u001b[0m\u001b[36mnode_modules/jsdom/lib/jsdom/living/xhr-utils.js\u001b[39m\u001b[0m\u001b[2m:62:3)\u001b[2m\u001b[22m\n\u001b[2m      \u001b[2mat Request.client.on.err (\u001b[2m\u001b[0m\u001b[36mnode_modules/jsdom/lib/jsdom/living/xmlhttprequest.js\u001b[39m\u001b[0m\u001b[2m:676:20)\u001b[2m\u001b[22m\n\u001b[2m      \u001b[2mat Request.onRequestError (\u001b[2m\u001b[0m\u001b[36mnode_modules/request/request.js\u001b[39m\u001b[0m\u001b[2m:881:8)\u001b[2m\u001b[22m\n\n\u001b[1m\u001b[31m  \u001b[1m● \u001b[1mFooterBarComponent › should show selected card\u001b[39m\u001b[22m\n\n    This test module uses the component FooterBarComponent which is using a \"templateUrl\" or \"styleUrls\", but they were never compiled. Please call \"TestBed.compileComponents\" before your test.\n\u001b[2m\u001b[22m\n\u001b[2m      \u001b[2mat TestBed.Object.<anonymous>.TestBed._initIfNeeded (\u001b[2m\u001b[0m\u001b[36m../../packages/core/testing/src/test_bed.ts\u001b[39m\u001b[0m\u001b[2m:353:17)\u001b[2m\u001b[22m\n\u001b[2m      \u001b[2mat TestBed.Object.<anonymous>.TestBed.createComponent (\u001b[2m\u001b[0m\u001b[36m../../packages/core/testing/src/test_bed.ts\u001b[39m\u001b[0m\u001b[2m:552:10)\u001b[2m\u001b[22m\n\u001b[2m      \u001b[2mat Function.Object.<anonymous>.TestBed.createComponent (\u001b[2m\u001b[0m\u001b[36m../../packages/core/testing/src/test_bed.ts\u001b[39m\u001b[0m\u001b[2m:201:25)\u001b[2m\u001b[22m\n\u001b[2m      \u001b[2mat \u001b[2m\u001b[0m\u001b[36msrc/app/modules/affiliate-hierarchy/components/footer-bar/footer-bar.component.spec.ts\u001b[39m\u001b[0m\u001b[2m:18:23\u001b[2m\u001b[22m\n\u001b[2m      \u001b[2mat ZoneDelegate.Object.<anonymous>.ZoneDelegate.invoke (\u001b[2m\u001b[0m\u001b[36mnode_modules/zone.js/dist/zone.js\u001b[39m\u001b[0m\u001b[2m:388:26)\u001b[2m\u001b[22m\n\u001b[2m      \u001b[2mat ProxyZoneSpec.Object.<anonymous>.ProxyZoneSpec.onInvoke (\u001b[2m\u001b[0m\u001b[36mnode_modules/zone.js/dist/proxy.js\u001b[39m\u001b[0m\u001b[2m:128:39)\u001b[2m\u001b[22m\n\u001b[2m      \u001b[2mat ZoneDelegate.Object.<anonymous>.ZoneDelegate.invoke (\u001b[2m\u001b[0m\u001b[36mnode_modules/zone.js/dist/zone.js\u001b[39m\u001b[0m\u001b[2m:387:32)\u001b[2m\u001b[22m\n\u001b[2m      \u001b[2mat Zone.Object.<anonymous>.Zone.run (\u001b[2m\u001b[0m\u001b[36mnode_modules/zone.js/dist/zone.js\u001b[39m\u001b[0m\u001b[2m:138:43)\u001b[2m\u001b[22m\n\u001b[2m      \u001b[2mat Object.testBody.length (\u001b[2m\u001b[0m\u001b[36mnode_modules/jest-zone-patch/index.js\u001b[39m\u001b[0m\u001b[2m:50:27)\u001b[2m\u001b[22m\n\n\u001b[1m\u001b[31m  \u001b[1m● \u001b[1mFooterBarComponent › should show selected card\u001b[39m\u001b[22m\n\n    TypeError: Cannot read property 'onSelectCard' of undefined\n\u001b[2m\u001b[22m\n\u001b[2m    \u001b[0m \u001b[90m 26 | \u001b[39m\u001b[0m\u001b[22m\n\u001b[2m    \u001b[0m \u001b[90m 27 | \u001b[39m  it(\u001b[32m'should show selected card'\u001b[39m\u001b[33m,\u001b[39m () \u001b[33m=>\u001b[39m {\u001b[0m\u001b[22m\n\u001b[2m    \u001b[0m\u001b[31m\u001b[1m>\u001b[2m\u001b[39m\u001b[90m 28 | \u001b[39m    component\u001b[33m.\u001b[39monSelectCard(\u001b[35m3\u001b[39m)\u001b[33m;\u001b[39m\u001b[0m\u001b[22m\n\u001b[2m    \u001b[0m \u001b[90m    | \u001b[39m              \u001b[31m\u001b[1m^\u001b[2m\u001b[39m\u001b[0m\u001b[22m\n\u001b[2m    \u001b[0m \u001b[90m 29 | \u001b[39m    expect(component\u001b[33m.\u001b[39misSelectedCard(\u001b[35m1\u001b[39m))\u001b[33m.\u001b[39mtoEqual(\u001b[36mfalse\u001b[39m)\u001b[33m;\u001b[39m\u001b[0m\u001b[22m\n\u001b[2m    \u001b[0m \u001b[90m 30 | \u001b[39m    expect(component\u001b[33m.\u001b[39misSelectedCard(\u001b[35m2\u001b[39m))\u001b[33m.\u001b[39mtoEqual(\u001b[36mfalse\u001b[39m)\u001b[33m;\u001b[39m\u001b[0m\u001b[22m\n\u001b[2m    \u001b[0m \u001b[90m 31 | \u001b[39m    expect(component\u001b[33m.\u001b[39misSelectedCard(\u001b[35m3\u001b[39m))\u001b[33m.\u001b[39mtoEqual(\u001b[36mtrue\u001b[39m)\u001b[33m;\u001b[39m\u001b[0m\u001b[22m\n\u001b[2m\u001b[22m\n\u001b[2m      \u001b[2mat \u001b[2m\u001b[0m\u001b[36msrc/app/modules/affiliate-hierarchy/components/footer-bar/footer-bar.component.spec.ts\u001b[39m\u001b[0m\u001b[2m:28:15\u001b[2m\u001b[22m\n\u001b[2m      \u001b[2mat ZoneDelegate.Object.<anonymous>.ZoneDelegate.invoke (\u001b[2m\u001b[0m\u001b[36mnode_modules/zone.js/dist/zone.js\u001b[39m\u001b[0m\u001b[2m:388:26)\u001b[2m\u001b[22m\n\u001b[2m      \u001b[2mat ProxyZoneSpec.Object.<anonymous>.ProxyZoneSpec.onInvoke (\u001b[2m\u001b[0m\u001b[36mnode_modules/zone.js/dist/proxy.js\u001b[39m\u001b[0m\u001b[2m:128:39)\u001b[2m\u001b[22m\n\u001b[2m      \u001b[2mat ZoneDelegate.Object.<anonymous>.ZoneDelegate.invoke (\u001b[2m\u001b[0m\u001b[36mnode_modules/zone.js/dist/zone.js\u001b[39m\u001b[0m\u001b[2m:387:32)\u001b[2m\u001b[22m\n\u001b[2m      \u001b[2mat Zone.Object.<anonymous>.Zone.run (\u001b[2m\u001b[0m\u001b[36mnode_modules/zone.js/dist/zone.js\u001b[39m\u001b[0m\u001b[2m:138:43)\u001b[2m\u001b[22m\n\u001b[2m      \u001b[2mat Object.testBody.length (\u001b[2m\u001b[0m\u001b[36mnode_modules/jest-zone-patch/index.js\u001b[39m\u001b[0m\u001b[2m:50:27)\u001b[2m\u001b[22m\n","name":"/Users/bschoche/IdeaProjects/POCs/evo-prototype/frontend/src/app/modules/affiliate-hierarchy/components/footer-bar/footer-bar.component.spec.ts","startTime":1535382679136,"status":"failed","summary":""},{"assertionResults":[{"ancestorTitles":["StoreService"],"failureMessages":["TypeError: jasmine.createSpyObj is not a function\n    at /Users/bschoche/IdeaProjects/POCs/evo-prototype/frontend/src/app/store/store.service.spec.ts:10:32\n    at ZoneDelegate.Object.<anonymous>.ZoneDelegate.invoke (/Users/bschoche/IdeaProjects/POCs/evo-prototype/frontend/node_modules/zone.js/dist/zone.js:388:26)\n    at Zone.Object.<anonymous>.Zone.run (/Users/bschoche/IdeaProjects/POCs/evo-prototype/frontend/node_modules/zone.js/dist/zone.js:138:43)\n    at Suite.<anonymous> (/Users/bschoche/IdeaProjects/POCs/evo-prototype/frontend/node_modules/jest-zone-patch/index.js:39:25)\n    at addSpecsToSuite (/Users/bschoche/IdeaProjects/POCs/evo-prototype/frontend/node_modules/jest-jasmine2/build/jasmine/Env.js:339:25)\n    at Env.describe (/Users/bschoche/IdeaProjects/POCs/evo-prototype/frontend/node_modules/jest-jasmine2/build/jasmine/Env.js:308:7)\n    at describe (/Users/bschoche/IdeaProjects/POCs/evo-prototype/frontend/node_modules/jest-jasmine2/build/jasmine/jasmine_light.js:99:18)\n    at env.(anonymous function) (/Users/bschoche/IdeaProjects/POCs/evo-prototype/frontend/node_modules/jest-zone-patch/index.js:57:27)\n    at Object.<anonymous> (/Users/bschoche/IdeaProjects/POCs/evo-prototype/frontend/src/app/store/store.service.spec.ts:9:1)\n    at Runtime._execModule (/Users/bschoche/IdeaProjects/POCs/evo-prototype/frontend/node_modules/jest-runtime/build/index.js:694:13)\n    at Runtime.requireModule (/Users/bschoche/IdeaProjects/POCs/evo-prototype/frontend/node_modules/jest-runtime/build/index.js:376:14)\n    at /Users/bschoche/IdeaProjects/POCs/evo-prototype/frontend/node_modules/jest-jasmine2/build/index.js:129:13\n    at Generator.next (<anonymous>)\n    at step (/Users/bschoche/IdeaProjects/POCs/evo-prototype/frontend/node_modules/jest-jasmine2/build/index.js:170:30)\n    at /Users/bschoche/IdeaProjects/POCs/evo-prototype/frontend/node_modules/jest-jasmine2/build/index.js:189:14\n    at new Promise (<anonymous>)\n    at /Users/bschoche/IdeaProjects/POCs/evo-prototype/frontend/node_modules/jest-jasmine2/build/index.js:167:12\n    at jasmine2 (/Users/bschoche/IdeaProjects/POCs/evo-prototype/frontend/node_modules/jest-jasmine2/build/index.js:138:17)\n    at /Users/bschoche/IdeaProjects/POCs/evo-prototype/frontend/node_modules/jest-runner/build/run_test.js:187:24\n    at Generator.next (<anonymous>)\n    at step (/Users/bschoche/IdeaProjects/POCs/evo-prototype/frontend/node_modules/jest-runner/build/run_test.js:315:30)\n    at /Users/bschoche/IdeaProjects/POCs/evo-prototype/frontend/node_modules/jest-runner/build/run_test.js:326:15\n    at <anonymous>\n    at process._tickCallback (internal/process/next_tick.js:188:7)"],"fullName":"StoreService encountered a declaration exception","location":null,"status":"failed","title":"encountered a declaration exception"}],"endTime":1535382684374,"message":"\u001b[1m\u001b[31m  \u001b[1m● \u001b[1mStoreService › encountered a declaration exception\u001b[39m\u001b[22m\n\n    TypeError: jasmine.createSpyObj is not a function\n\u001b[2m\u001b[22m\n\u001b[2m    \u001b[0m \u001b[90m  8 | \u001b[39m\u001b[0m\u001b[22m\n\u001b[2m    \u001b[0m \u001b[90m  9 | \u001b[39mdescribe(\u001b[32m'StoreService'\u001b[39m\u001b[33m,\u001b[39m () \u001b[33m=>\u001b[39m {\u001b[0m\u001b[22m\n\u001b[2m    \u001b[0m\u001b[31m\u001b[1m>\u001b[2m\u001b[39m\u001b[90m 10 | \u001b[39m  \u001b[36mconst\u001b[39m toastService \u001b[33m=\u001b[39m jasmine\u001b[33m.\u001b[39mcreateSpyObj(\u001b[32m'toastService'\u001b[39m\u001b[33m,\u001b[39m [\u001b[32m'test'\u001b[39m])\u001b[33m;\u001b[39m\u001b[0m\u001b[22m\n\u001b[2m    \u001b[0m \u001b[90m    | \u001b[39m                               \u001b[31m\u001b[1m^\u001b[2m\u001b[39m\u001b[0m\u001b[22m\n\u001b[2m    \u001b[0m \u001b[90m 11 | \u001b[39m  \u001b[36mconst\u001b[39m loadingBarService \u001b[33m=\u001b[39m jasmine\u001b[33m.\u001b[39mcreateSpyObj(\u001b[32m'loadingBarService'\u001b[39m\u001b[33m,\u001b[39m [\u001b[32m'test'\u001b[39m])\u001b[33m;\u001b[39m\u001b[0m\u001b[22m\n\u001b[2m    \u001b[0m \u001b[90m 12 | \u001b[39m  beforeEach(() \u001b[33m=>\u001b[39m {\u001b[0m\u001b[22m\n\u001b[2m    \u001b[0m \u001b[90m 13 | \u001b[39m    \u001b[33mTestBed\u001b[39m\u001b[33m.\u001b[39mconfigureTestingModule({\u001b[0m\u001b[22m\n\u001b[2m\u001b[22m\n\u001b[2m      \u001b[2mat \u001b[2m\u001b[0m\u001b[36msrc/app/store/store.service.spec.ts\u001b[39m\u001b[0m\u001b[2m:10:32\u001b[2m\u001b[22m\n\u001b[2m      \u001b[2mat ZoneDelegate.Object.<anonymous>.ZoneDelegate.invoke (\u001b[2m\u001b[0m\u001b[36mnode_modules/zone.js/dist/zone.js\u001b[39m\u001b[0m\u001b[2m:388:26)\u001b[2m\u001b[22m\n\u001b[2m      \u001b[2mat Zone.Object.<anonymous>.Zone.run (\u001b[2m\u001b[0m\u001b[36mnode_modules/zone.js/dist/zone.js\u001b[39m\u001b[0m\u001b[2m:138:43)\u001b[2m\u001b[22m\n\u001b[2m      \u001b[2mat Suite.<anonymous> (\u001b[2m\u001b[0m\u001b[36mnode_modules/jest-zone-patch/index.js\u001b[39m\u001b[0m\u001b[2m:39:25)\u001b[2m\u001b[22m\n\u001b[2m      \u001b[2mat env.(anonymous function) (\u001b[2m\u001b[0m\u001b[36mnode_modules/jest-zone-patch/index.js\u001b[39m\u001b[0m\u001b[2m:57:27)\u001b[2m\u001b[22m\n\u001b[2m      \u001b[2mat Object.<anonymous> (\u001b[2m\u001b[0m\u001b[36msrc/app/store/store.service.spec.ts\u001b[39m\u001b[0m\u001b[2m:9:1)\u001b[2m\u001b[22m\n","name":"/Users/bschoche/IdeaProjects/POCs/evo-prototype/frontend/src/app/store/store.service.spec.ts","startTime":1535382679125,"status":"failed","summary":""},{"assertionResults":[{"ancestorTitles":["SystemComponent"],"failureMessages":["TypeError: jasmine.createSpyObj is not a function\n    at /Users/bschoche/IdeaProjects/POCs/evo-prototype/frontend/src/app/modules/affiliate-hierarchy/pages/system/system.component.spec.ts:9:32\n    at ZoneDelegate.Object.<anonymous>.ZoneDelegate.invoke (/Users/bschoche/IdeaProjects/POCs/evo-prototype/frontend/node_modules/zone.js/dist/zone.js:388:26)\n    at Zone.Object.<anonymous>.Zone.run (/Users/bschoche/IdeaProjects/POCs/evo-prototype/frontend/node_modules/zone.js/dist/zone.js:138:43)\n    at Suite.<anonymous> (/Users/bschoche/IdeaProjects/POCs/evo-prototype/frontend/node_modules/jest-zone-patch/index.js:39:25)\n    at addSpecsToSuite (/Users/bschoche/IdeaProjects/POCs/evo-prototype/frontend/node_modules/jest-jasmine2/build/jasmine/Env.js:339:25)\n    at Env.describe (/Users/bschoche/IdeaProjects/POCs/evo-prototype/frontend/node_modules/jest-jasmine2/build/jasmine/Env.js:308:7)\n    at describe (/Users/bschoche/IdeaProjects/POCs/evo-prototype/frontend/node_modules/jest-jasmine2/build/jasmine/jasmine_light.js:99:18)\n    at env.(anonymous function) (/Users/bschoche/IdeaProjects/POCs/evo-prototype/frontend/node_modules/jest-zone-patch/index.js:57:27)\n    at Object.<anonymous> (/Users/bschoche/IdeaProjects/POCs/evo-prototype/frontend/src/app/modules/affiliate-hierarchy/pages/system/system.component.spec.ts:6:1)\n    at Runtime._execModule (/Users/bschoche/IdeaProjects/POCs/evo-prototype/frontend/node_modules/jest-runtime/build/index.js:694:13)\n    at Runtime.requireModule (/Users/bschoche/IdeaProjects/POCs/evo-prototype/frontend/node_modules/jest-runtime/build/index.js:376:14)\n    at /Users/bschoche/IdeaProjects/POCs/evo-prototype/frontend/node_modules/jest-jasmine2/build/index.js:129:13\n    at Generator.next (<anonymous>)\n    at step (/Users/bschoche/IdeaProjects/POCs/evo-prototype/frontend/node_modules/jest-jasmine2/build/index.js:170:30)\n    at /Users/bschoche/IdeaProjects/POCs/evo-prototype/frontend/node_modules/jest-jasmine2/build/index.js:189:14\n    at new Promise (<anonymous>)\n    at /Users/bschoche/IdeaProjects/POCs/evo-prototype/frontend/node_modules/jest-jasmine2/build/index.js:167:12\n    at jasmine2 (/Users/bschoche/IdeaProjects/POCs/evo-prototype/frontend/node_modules/jest-jasmine2/build/index.js:138:17)\n    at /Users/bschoche/IdeaProjects/POCs/evo-prototype/frontend/node_modules/jest-runner/build/run_test.js:187:24\n    at Generator.next (<anonymous>)\n    at step (/Users/bschoche/IdeaProjects/POCs/evo-prototype/frontend/node_modules/jest-runner/build/run_test.js:315:30)\n    at /Users/bschoche/IdeaProjects/POCs/evo-prototype/frontend/node_modules/jest-runner/build/run_test.js:326:15\n    at <anonymous>\n    at process._tickCallback (internal/process/next_tick.js:188:7)"],"fullName":"SystemComponent encountered a declaration exception","location":null,"status":"failed","title":"encountered a declaration exception"}],"endTime":1535382684392,"message":"\u001b[1m\u001b[31m  \u001b[1m● \u001b[1mSystemComponent › encountered a declaration exception\u001b[39m\u001b[22m\n\n    TypeError: jasmine.createSpyObj is not a function\n\u001b[2m\u001b[22m\n\u001b[2m    \u001b[0m \u001b[90m  7 | \u001b[39m  let component\u001b[33m:\u001b[39m \u001b[33mSystemComponent\u001b[39m\u001b[33m;\u001b[39m\u001b[0m\u001b[22m\n\u001b[2m    \u001b[0m \u001b[90m  8 | \u001b[39m  let fixture\u001b[33m:\u001b[39m \u001b[33mComponentFixture\u001b[39m\u001b[33m<\u001b[39m\u001b[33mSystemComponent\u001b[39m\u001b[33m>\u001b[39m\u001b[33m;\u001b[39m\u001b[0m\u001b[22m\n\u001b[2m    \u001b[0m\u001b[31m\u001b[1m>\u001b[2m\u001b[39m\u001b[90m  9 | \u001b[39m  \u001b[36mconst\u001b[39m storeService \u001b[33m=\u001b[39m jasmine\u001b[33m.\u001b[39mcreateSpyObj(\u001b[32m'storeService'\u001b[39m\u001b[33m,\u001b[39m [\u001b[32m'test'\u001b[39m])\u001b[33m;\u001b[39m\u001b[0m\u001b[22m\n\u001b[2m    \u001b[0m \u001b[90m    | \u001b[39m                               \u001b[31m\u001b[1m^\u001b[2m\u001b[39m\u001b[0m\u001b[22m\n\u001b[2m    \u001b[0m \u001b[90m 10 | \u001b[39m\u001b[0m\u001b[22m\n\u001b[2m    \u001b[0m \u001b[90m 11 | \u001b[39m  beforeEach(async(() \u001b[33m=>\u001b[39m {\u001b[0m\u001b[22m\n\u001b[2m    \u001b[0m \u001b[90m 12 | \u001b[39m    \u001b[33mTestBed\u001b[39m\u001b[33m.\u001b[39mconfigureTestingModule({\u001b[0m\u001b[22m\n\u001b[2m\u001b[22m\n\u001b[2m      \u001b[2mat \u001b[2m\u001b[0m\u001b[36msrc/app/modules/affiliate-hierarchy/pages/system/system.component.spec.ts\u001b[39m\u001b[0m\u001b[2m:9:32\u001b[2m\u001b[22m\n\u001b[2m      \u001b[2mat ZoneDelegate.Object.<anonymous>.ZoneDelegate.invoke (\u001b[2m\u001b[0m\u001b[36mnode_modules/zone.js/dist/zone.js\u001b[39m\u001b[0m\u001b[2m:388:26)\u001b[2m\u001b[22m\n\u001b[2m      \u001b[2mat Zone.Object.<anonymous>.Zone.run (\u001b[2m\u001b[0m\u001b[36mnode_modules/zone.js/dist/zone.js\u001b[39m\u001b[0m\u001b[2m:138:43)\u001b[2m\u001b[22m\n\u001b[2m      \u001b[2mat Suite.<anonymous> (\u001b[2m\u001b[0m\u001b[36mnode_modules/jest-zone-patch/index.js\u001b[39m\u001b[0m\u001b[2m:39:25)\u001b[2m\u001b[22m\n\u001b[2m      \u001b[2mat env.(anonymous function) (\u001b[2m\u001b[0m\u001b[36mnode_modules/jest-zone-patch/index.js\u001b[39m\u001b[0m\u001b[2m:57:27)\u001b[2m\u001b[22m\n\u001b[2m      \u001b[2mat Object.<anonymous> (\u001b[2m\u001b[0m\u001b[36msrc/app/modules/affiliate-hierarchy/pages/system/system.component.spec.ts\u001b[39m\u001b[0m\u001b[2m:6:1)\u001b[2m\u001b[22m\n","name":"/Users/bschoche/IdeaProjects/POCs/evo-prototype/frontend/src/app/modules/affiliate-hierarchy/pages/system/system.component.spec.ts","startTime":1535382679151,"status":"failed","summary":""},{"assertionResults":[{"ancestorTitles":["AppComponent"],"failureMessages":["TypeError: jasmine.createSpyObj is not a function\n    at /Users/bschoche/IdeaProjects/POCs/evo-prototype/frontend/src/app/app.component.spec.ts:9:31\n    at ZoneDelegate.Object.<anonymous>.ZoneDelegate.invoke (/Users/bschoche/IdeaProjects/POCs/evo-prototype/frontend/node_modules/zone.js/dist/zone.js:388:26)\n    at Zone.Object.<anonymous>.Zone.run (/Users/bschoche/IdeaProjects/POCs/evo-prototype/frontend/node_modules/zone.js/dist/zone.js:138:43)\n    at Suite.<anonymous> (/Users/bschoche/IdeaProjects/POCs/evo-prototype/frontend/node_modules/jest-zone-patch/index.js:39:25)\n    at addSpecsToSuite (/Users/bschoche/IdeaProjects/POCs/evo-prototype/frontend/node_modules/jest-jasmine2/build/jasmine/Env.js:339:25)\n    at Env.describe (/Users/bschoche/IdeaProjects/POCs/evo-prototype/frontend/node_modules/jest-jasmine2/build/jasmine/Env.js:308:7)\n    at describe (/Users/bschoche/IdeaProjects/POCs/evo-prototype/frontend/node_modules/jest-jasmine2/build/jasmine/jasmine_light.js:99:18)\n    at env.(anonymous function) (/Users/bschoche/IdeaProjects/POCs/evo-prototype/frontend/node_modules/jest-zone-patch/index.js:57:27)\n    at Object.<anonymous> (/Users/bschoche/IdeaProjects/POCs/evo-prototype/frontend/src/app/app.component.spec.ts:8:1)\n    at Runtime._execModule (/Users/bschoche/IdeaProjects/POCs/evo-prototype/frontend/node_modules/jest-runtime/build/index.js:694:13)\n    at Runtime.requireModule (/Users/bschoche/IdeaProjects/POCs/evo-prototype/frontend/node_modules/jest-runtime/build/index.js:376:14)\n    at /Users/bschoche/IdeaProjects/POCs/evo-prototype/frontend/node_modules/jest-jasmine2/build/index.js:129:13\n    at Generator.next (<anonymous>)\n    at step (/Users/bschoche/IdeaProjects/POCs/evo-prototype/frontend/node_modules/jest-jasmine2/build/index.js:170:30)\n    at /Users/bschoche/IdeaProjects/POCs/evo-prototype/frontend/node_modules/jest-jasmine2/build/index.js:189:14\n    at new Promise (<anonymous>)\n    at /Users/bschoche/IdeaProjects/POCs/evo-prototype/frontend/node_modules/jest-jasmine2/build/index.js:167:12\n    at jasmine2 (/Users/bschoche/IdeaProjects/POCs/evo-prototype/frontend/node_modules/jest-jasmine2/build/index.js:138:17)\n    at /Users/bschoche/IdeaProjects/POCs/evo-prototype/frontend/node_modules/jest-runner/build/run_test.js:187:24\n    at Generator.next (<anonymous>)\n    at step (/Users/bschoche/IdeaProjects/POCs/evo-prototype/frontend/node_modules/jest-runner/build/run_test.js:315:30)\n    at /Users/bschoche/IdeaProjects/POCs/evo-prototype/frontend/node_modules/jest-runner/build/run_test.js:326:15\n    at <anonymous>\n    at process._tickCallback (internal/process/next_tick.js:188:7)"],"fullName":"AppComponent encountered a declaration exception","location":null,"status":"failed","title":"encountered a declaration exception"}],"endTime":1535382684402,"message":"\u001b[1m\u001b[31m  \u001b[1m● \u001b[1mAppComponent › encountered a declaration exception\u001b[39m\u001b[22m\n\n    TypeError: jasmine.createSpyObj is not a function\n\u001b[2m\u001b[22m\n\u001b[2m    \u001b[0m \u001b[90m  7 | \u001b[39m\u001b[0m\u001b[22m\n\u001b[2m    \u001b[0m \u001b[90m  8 | \u001b[39mdescribe(\u001b[32m'AppComponent'\u001b[39m\u001b[33m,\u001b[39m () \u001b[33m=>\u001b[39m {\u001b[0m\u001b[22m\n\u001b[2m    \u001b[0m\u001b[31m\u001b[1m>\u001b[2m\u001b[39m\u001b[90m  9 | \u001b[39m  \u001b[36mconst\u001b[39m authService \u001b[33m=\u001b[39m jasmine\u
[...]
\u001b[39m\n    at /Users/bschoche/IdeaProjects/POCs/evo-prototype/frontend/src/app/modules/affiliate-hierarchy/components/notes/notes.component.spec.ts:23:23\n    at ZoneDelegate.Object.<anonymous>.ZoneDelegate.invoke (/Users/bschoche/IdeaProjects/POCs/evo-prototype/frontend/node_modules/zone.js/dist/zone.js:388:26)\n    at ProxyZoneSpec.Object.<anonymous>.ProxyZoneSpec.onInvoke (/Users/bschoche/IdeaProjects/POCs/evo-prototype/frontend/node_modules/zone.js/dist/proxy.js:128:39)\n    at ZoneDelegate.Object.<anonymous>.ZoneDelegate.invoke (/Users/bschoche/IdeaProjects/POCs/evo-prototype/frontend/node_modules/zone.js/dist/zone.js:387:32)\n    at Zone.Object.<anonymous>.Zone.run (/Users/bschoche/IdeaProjects/POCs/evo-prototype/frontend/node_modules/zone.js/dist/zone.js:138:43)\n    at Object.testBody.length (/Users/bschoche/IdeaProjects/POCs/evo-prototype/frontend/node_modules/jest-zone-patch/index.js:50:27)\n    at Object.asyncJestTest (/Users/bschoche/IdeaProjects/POCs/evo-prototype/frontend/node_modules/jest-jasmine2/build/jasmine_async.js:108:37)\n    at resolve (/Users/bschoche/IdeaProjects/POCs/evo-prototype/frontend/node_modules/jest-jasmine2/build/queue_runner.js:56:12)\n    at new Promise (<anonymous>)\n    at mapper (/Users/bschoche/IdeaProjects/POCs/evo-prototype/frontend/node_modules/jest-jasmine2/build/queue_runner.js:43:19)\n    at promise.then (/Users/bschoche/IdeaProjects/POCs/evo-prototype/frontend/node_modules/jest-jasmine2/build/queue_runner.js:87:41)\n    at <anonymous>\n    at process._tickCallback (internal/process/next_tick.js:188:7)"],"fullName":"NotesComponent should create","location":null,"status":"failed","title":"should create"}],"endTime":1535382685555,"message":"\u001b[1m\u001b[31m  \u001b[1m● \u001b[1mNotesComponent › should create\u001b[39m\u001b[22m\n\n    Uncaught (in promise): Failed to load notes.component.html\n\u001b[2m\u001b[22m\n\u001b[2m      \u001b[2mat resolvePromise (\u001b[2m\u001b[0m\u001b[36mnode_modules/zone.js/dist/zone.js\u001b[39m\u001b[0m\u001b[2m:814:31)\u001b[2m\u001b[22m\n\u001b[2m      \u001b[2mat resolvePromise (\u001b[2m\u001b[0m\u001b[36mnode_modules/zone.js/dist/zone.js\u001b[39m\u001b[0m\u001b[2m:771:17)\u001b[2m\u001b[22m\n\u001b[2m      \u001b[2mat \u001b[2m\u001b[0m\u001b[36mnode_modules/zone.js/dist/zone.js\u001b[39m\u001b[0m\u001b[2m:873:17\u001b[2m\u001b[22m\n\u001b[2m      \u001b[2mat ZoneDelegate.Object.<anonymous>.ZoneDelegate.invokeTask (\u001b[2m\u001b[0m\u001b[36mnode_modules/zone.js/dist/zone.js\u001b[39m\u001b[0m\u001b[2m:421:31)\u001b[2m\u001b[22m\n\u001b[2m      \u001b[2mat AsyncTestZoneSpec.Object.<anonymous>.AsyncTestZoneSpec.onInvokeTask (\u001b[2m\u001b[0m\u001b[36mnode_modules/zone.js/dist/async-test.js\u001b[39m\u001b[0m\u001b[2m:90:25)\u001b[2m\u001b[22m\n\u001b[2m      \u001b[2mat ProxyZoneSpec.Object.<anonymous>.ProxyZoneSpec.onInvokeTask (\u001b[2m\u001b[0m\u001b[36mnode_modules/zone.js/dist/proxy.js\u001b[39m\u001b[0m\u001b[2m:156:39)\u001b[2m\u001b[22m\n\u001b[2m      \u001b[2mat ZoneDelegate.Object.<anonymous>.ZoneDelegate.invokeTask (\u001b[2m\u001b[0m\u001b[36mnode_modules/zone.js/dist/zone.js\u001b[39m\u001b[0m\u001b[2m:420:36)\u001b[2m\u001b[22m\n\u001b[2m      \u001b[2mat Zone.Object.<anonymous>.Zone.runTask (\u001b[2m\u001b[0m\u001b[36mnode_modules/zone.js/dist/zone.js\u001b[39m\u001b[0m\u001b[2m:188:47)\u001b[2m\u001b[22m\n\u001b[2m      \u001b[2mat drainMicroTaskQueue (\u001b[2m\u001b[0m\u001b[36mnode_modules/zone.js/dist/zone.js\u001b[39m\u001b[0m\u001b[2m:595:35)\u001b[2m\u001b[22m\n\n\u001b[1m\u001b[31m  \u001b[1m● \u001b[1mNotesComponent › should create\u001b[39m\u001b[22m\n\n    This test module uses the component NotesComponent which is using a \"templateUrl\" or \"styleUrls\", but they were never compiled. Please call \"TestBed.compileComponents\" before your test.\n\u001b[2m\u001b[22m\n\u001b[2m      \u001b[2mat TestBed.Object.<anonymous>.TestBed._initIfNeeded (\u001b[2m\u001b[0m\u001b[36m../../packages/core/testing/src/test_bed.ts\u001b[39m\u001b[0m\u001b[2m:353:17)\u001b[2m\u001b[22m\n\u001b[2m      \u001b[2mat TestBed.Object.<anonymous>.TestBed.createComponent (\u001b[2m\u001b[0m\u001b[36m../../packages/core/testing/src/test_bed.ts\u001b[39m\u001b[0m\u001b[2m:552:10)\u001b[2m\u001b[22m\n\u001b[2m      \u001b[2mat Function.Object.<anonymous>.TestBed.createComponent (\u001b[2m\u001b[0m\u001b[36m../../packages/core/testing/src/test_bed.ts\u001b[39m\u001b[0m\u001b[2m:201:25)\u001b[2m\u001b[22m\n\u001b[2m      \u001b[2mat \u001b[2m\u001b[0m\u001b[36msrc/app/modules/affiliate-hierarchy/components/notes/notes.component.spec.ts\u001b[39m\u001b[0m\u001b[2m:17:23\u001b[2m\u001b[22m\n\u001b[2m      \u001b[2mat ZoneDelegate.Object.<anonymous>.ZoneDelegate.invoke (\u001b[2m\u001b[0m\u001b[36mnode_modules/zone.js/dist/zone.js\u001b[39m\u001b[0m\u001b[2m:388:26)\u001b[2m\u001b[22m\n\u001b[2m      \u001b[2mat ProxyZoneSpec.Object.<anonymous>.ProxyZoneSpec.onInvoke (\u001b[2m\u001b[0m\u001b[36mnode_modules/zone.js/dist/proxy.js\u001b[39m\u001b[0m\u001b[2m:128:39)\u001b[2m\u001b[22m\n\u001b[2m      \u001b[2mat ZoneDelegate.Object.<anonymous>.ZoneDelegate.invoke (\u001b[2m\u001b[0m\u001b[36mnode_modules/zone.js/dist/zone.js\u001b[39m\u001b[0m\u001b[2m:387:32)\u001b[2m\u001b[22m\n\u001b[2m      \u001b[2mat Zone.Object.<anonymous>.Zone.run (\u001b[2m\u001b[0m\u001b[36mnode_modules/zone.js/dist/zone.js\u001b[39m\u001b[0m\u001b[2m:138:43)\u001b[2m\u001b[22m\n\u001b[2m      \u001b[2mat Object.testBody.length (\u001b[2m\u001b[0m\u001b[36mnode_modules/jest-zone-patch/index.js\u001b[39m\u001b[0m\u001b[2m:50:27)\u001b[2m\u001b[22m\n\n\u001b[1m\u001b[31m  \u001b[1m● \u001b[1mNotesComponent › should create\u001b[39m\u001b[22m\n\n    \u001b[2mexpect(\u001b[22m\u001b[31mreceived\u001b[39m\u001b[2m).toBeTruthy(\u001b[22m\u001b[2m)\u001b[22m\n\n    Received: \u001b[31mundefined\u001b[39m\n\u001b[2m\u001b[22m\n\u001b[2m    \u001b[0m \u001b[90m 21 | \u001b[39m\u001b[0m\u001b[22m\n\u001b[2m    \u001b[0m \u001b[90m 22 | \u001b[39m  it(\u001b[32m'should create'\u001b[39m\u001b[33m,\u001b[39m () \u001b[33m=>\u001b[39m {\u001b[0m\u001b[22m\n\u001b[2m    \u001b[0m\u001b[31m\u001b[1m>\u001b[2m\u001b[39m\u001b[90m 23 | \u001b[39m    expect(component)\u001b[33m.\u001b[39mtoBeTruthy()\u001b[33m;\u001b[39m\u001b[0m\u001b[22m\n\u001b[2m    \u001b[0m \u001b[90m    | \u001b[39m                      \u001b[31m\u001b[1m^\u001b[2m\u001b[39m\u001b[0m\u001b[22m\n\u001b[2m    \u001b[0m \u001b[90m 24 | \u001b[39m  })\u001b[33m;\u001b[39m\u001b[0m\u001b[22m\n\u001b[2m    \u001b[0m \u001b[90m 25 | \u001b[39m})\u001b[33m;\u001b[39m\u001b[0m\u001b[22m\n\u001b[2m    \u001b[0m \u001b[90m 26 | \u001b[39m\u001b[0m\u001b[22m\n\u001b[2m\u001b[22m\n\u001b[2m      \u001b[2mat \u001b[2m\u001b[0m\u001b[36msrc/app/modules/affiliate-hierarchy/components/notes/notes.component.spec.ts\u001b[39m\u001b[0m\u001b[2m:23:23\u001b[2m\u001b[22m\n\u001b[2m      \u001b[2mat ZoneDelegate.Object.<anonymous>.ZoneDelegate.invoke (\u001b[2m\u001b[0m\u001b[36mnode_modules/zone.js/dist/zone.js\u001b[39m\u001b[0m\u001b[2m:388:26)\u001b[2m\u001b[22m\n\u001b[2m      \u001b[2mat ProxyZoneSpec.Object.<anonymous>.ProxyZoneSpec.onInvoke (\u001b[2m\u001b[0m\u001b[36mnode_modules/zone.js/dist/proxy.js\u001b[39m\u001b[0m\u001b[2m:128:39)\u001b[2m\u001b[22m\n\u001b[2m      \u001b[2mat ZoneDelegate.Object.<anonymous>.ZoneDelegate.invoke (\u001b[2m\u001b[0m\u001b[36mnode_modules/zone.js/dist/zone.js\u001b[39m\u001b[0m\u001b[2m:387:32)\u001b[2m\u001b[22m\n\u001b[2m      \u001b[2mat Zone.Object.<anonymous>.Zone.run (\u001b[2m\u001b[0m\u001b[36mnode_modules/zone.js/dist/zone.js\u001b[39m\u001b[0m\u001b[2m:138:43)\u001b[2m\u001b[22m\n\u001b[2m      \u001b[2mat Object.testBody.length (\u001b[2m\u001b[0m\u001b[36mnode_modules/jest-zone-patch/index.js\u001b[39m\u001b[0m\u001b[2m:50:27)\u001b[2m\u001b[22m\n","name":"/Users/bschoche/IdeaProjects/POCs/evo-prototype/frontend/src/app/modules/affiliate-hierarchy/components/notes/notes.component.spec.ts","startTime":1535382684671,"status":"failed","summary":""},{"assertionResults":[{"ancestorTitles":["SearchComponent"],"failureMessages":["Error: Uncaught (in promise): Failed to load search.component.html\n    at resolvePromise (/Users/bschoche/IdeaProjects/POCs/evo-prototype/frontend/node_modules/zone.js/dist/zone.js:814:31)\n    at resolvePromise (/Users/bschoche/IdeaProjects/POCs/evo-prototype/frontend/node_modules/zone.js/dist/zone.js:771:17)\n    at /Users/bschoche/IdeaProjects/POCs/evo-prototype/frontend/node_modules/zone.js/dist/zone.js:873:17\n    at ZoneDelegate.Object.<anonymous>.ZoneDelegate.invokeTask (/Users/bschoche/IdeaProjects/POCs/evo-prototype/frontend/node_modules/zone.js/dist/zone.js:421:31)\n    at AsyncTestZoneSpec.Object.<anonymous>.AsyncTestZoneSpec.onInvokeTask (/Users/bschoche/IdeaProjects/POCs/evo-prototype/frontend/node_modules/zone.js/dist/async-test.js:90:25)\n    at ProxyZoneSpec.Object.<anonymous>.ProxyZoneSpec.onInvokeTask (/Users/bschoche/IdeaProjects/POCs/evo-prototype/frontend/node_modules/zone.js/dist/proxy.js:156:39)\n    at ZoneDelegate.Object.<anonymous>.ZoneDelegate.invokeTask (/Users/bschoche/IdeaProjects/POCs/evo-prototype/frontend/node_modules/zone.js/dist/zone.js:420:36)\n    at Zone.Object.<anonymous>.Zone.runTask (/Users/bschoche/IdeaProjects/POCs/evo-prototype/frontend/node_modules/zone.js/dist/zone.js:188:47)\n    at drainMicroTaskQueue (/Users/bschoche/IdeaProjects/POCs/evo-prototype/frontend/node_modules/zone.js/dist/zone.js:595:35)\n    at <anonymous>\n    at process._tickCallback (internal/process/next_tick.js:188:7)","Error: This test module uses the component SearchComponent which is using a \"templateUrl\" or \"styleUrls\", but they were never compiled. Please call \"TestBed.compileComponents\" before your test.\n    at TestBed.Object.<anonymous>.TestBed._initIfNeeded (/Users/bschoche/IdeaProjects/POCs/packages/core/testing/src/test_bed.ts:353:17)\n    at TestBed.Object.<anonymous>.TestBed.createComponent (/Users/bschoche/IdeaProjects/POCs/packages/core/testing/src/test_bed.ts:552:10)\n    at Function.Object.<anonymous>.TestBed.createComponent (/Users/bschoche/IdeaProjects/POCs/packages/core/testing/src/test_bed.ts:201:25)\n    at /Users/bschoche/IdeaProjects/POCs/evo-prototype/frontend/src/app/modules/affiliate-hierarchy/pages/search/search.component.spec.ts:17:23\n    at ZoneDelegate.Object.<anonymous>.ZoneDelegate.invoke (/Users/bschoche/IdeaProjects/POCs/evo-prototype/frontend/node_modules/zone.js/dist/zone.js:388:26)\n    at ProxyZoneSpec.Object.<anonymous>.ProxyZoneSpec.onInvoke (/Users/bschoche/IdeaProjects/POCs/evo-prototype/frontend/node_modules/zone.js/dist/proxy.js:128:39)\n    at ZoneDelegate.Object.<anonymous>.ZoneDelegate.invoke (/Users/bschoche/IdeaProjects/POCs/evo-prototype/frontend/node_modules/zone.js/dist/zone.js:387:32)\n    at Zone.Object.<anonymous>.Zone.run (/Users/bschoche/IdeaProjects/POCs/evo-prototype/frontend/node_modules/zone.js/dist/zone.js:138:43)\n    at Object.testBody.length (/Users/bschoche/IdeaProjects/POCs/evo-prototype/frontend/node_modules/jest-zone-patch/index.js:50:27)\n    at Object.asyncJestLifecycle (/Users/bschoche/IdeaProjects/POCs/evo-prototype/frontend/node_modules/jest-jasmine2/build/jasmine_async.js:63:37)\n    at resolve (/Users/bschoche/IdeaProjects/POCs/evo-prototype/frontend/node_modules/jest-jasmine2/build/queue_runner.js:56:12)\n    at new Promise (<anonymous>)\n    at mapper (/Users/bschoche/IdeaProjects/POCs/evo-prototype/frontend/node_modules/jest-jasmine2/build/queue_runner.js:43:19)\n    at promise.then (/Users/bschoche/IdeaProjects/POCs/evo-prototype/frontend/node_modules/jest-jasmine2/build/queue_runner.js:87:41)\n    at <anonymous>\n    at process._tickCallback (internal/process/next_tick.js:188:7)","Error: \u001b[2mexpect(\u001b[22m\u001b[31mreceived\u001b[39m\u001b[2m).toBeTruthy(\u001b[22m\u001b[2m)\u001b[22m\n\nReceived: \u001b[31mundefined\u001b[39m\n    at /Users/bschoche/IdeaProjects/POCs/evo-prototype/frontend/src/app/modules/affiliate-hierarchy/pages/search/search.component.spec.ts:23:23\n    at ZoneDelegate.Object.<anonymous>.ZoneDelegate.invoke (/Users/bschoche/IdeaProjects/POCs/evo-prototype/frontend/node_modules/zone.js/dist/zone.js:388:26)\n    at ProxyZoneSpec.Object.<anonymous>.ProxyZoneSpec.onInvoke (/Users/bschoche/IdeaProjects/POCs/evo-prototype/frontend/node_modules/zone.js/dist/proxy.js:128:39)\n    at ZoneDelegate.Object.<anonymous>.ZoneDelegate.invoke (/Users/bschoche/IdeaProjects/POCs/evo-prototype/frontend/node_modules/zone.js/dist/zone.js:387:32)\n    at Zone.Object.<anonymous>.Zone.run (/Users/bschoche/IdeaProjects/POCs/evo-prototype/frontend/node_modules/zone.js/dist/zone.js:138:43)\n    at Object.testBody.length (/Users/bschoche/IdeaProjects/POCs/evo-prototype/frontend/node_modules/jest-zone-patch/index.js:50:27)\n    at Object.asyncJestTest (/Users/bschoche/IdeaProjects/POCs/evo-prototype/frontend/node_modules/jest-jasmine2/build/jasmine_async.js:108:37)\n    at resolve (/Users/bschoche/IdeaProjects/POCs/evo-prototype/frontend/node_modules/jest-jasmine2/build/queue_runner.js:56:12)\n    at new Promise (<anonymous>)\n    at mapper (/Users/bschoche/IdeaProjects/POCs/evo-prototype/frontend/node_modules/jest-jasmine2/build/queue_runner.js:43:19)\n    at promise.then (/Users/bschoche/IdeaProjects/POCs/evo-prototype/frontend/node_modules/jest-jasmine2/build/queue_runner.js:87:41)\n    at <anonymous>\n    at process._tickCallback (internal/process/next_tick.js:188:7)"],"fullName":"SearchComponent should create","location":null,"status":"failed","title":"should create"}],"endTime":1535382685555,"message":"\u001b[1m\u001b[31m  \u001b[1m● \u001b[1mSearchComponent › should create\u001b[39m\u001b[22m\n\n    Uncaught (in promise): Failed to load search.component.html\n\u001b[2m\u001b[22m\n\u001b[2m      \u001b[2mat resolvePromise (\u001b[2m\u001b[0m\u001b[36mnode_modules/zone.js/dist/zone.js\u001b[39m\u001b[0m\u001b[2m:814:31)\u001b[2m\u001b[22m\n\u001b[2m      \u001b[2mat resolvePromise (\u001b[2m\u001b[0m\u001b[36mnode_modules/zone.js/dist/zone.js\u001b[39m\u001b[0m\u001b[2m:771:17)\u001b[2m\u001b[22m\n\u001b[2m      \u001b[2mat \u001b[2m\u001b[0m\u001b[36mnode_modules/zone.js/dist/zone.js\u001b[39m\u001b[0m\u001b[2m:873:17\u001b[2m\u001b[22m\n\u001b[2m      \u001b[2mat ZoneDelegate.Object.<anonymous>.ZoneDelegate.invokeTask (\u001b[2m\u001b[0m\u001b[36mnode_modules/zone.js/dist/zone.js\u001b[39m\u001b[0m\u001b[2m:421:31)\u001b[2m\u001b[22m\n\u001b[2m      \u001b[2mat AsyncTestZoneSpec.Object.<anonymous>.AsyncTestZoneSpec.onInvokeTask (\u001b[2m\u001b[0m\u001b[36mnode_modules/zone.js/dist/async-test.js\u001b[39m\u001b[0m\u001b[2m:90:25)\u001b[2m\u001b[22m\n\u001b[2m      \u001b[2mat ProxyZoneSpec.Object.<anonymous>.ProxyZoneSpec.onInvokeTask (\u001b[2m\u001b[0m\u001b[36mnode_modules/zone.js/dist/proxy.js\u001b[39m\u001b[0m\u001b[2m:156:39)\u001b[2m\u001b[22m\n\u001b[2m      \u001b[2mat ZoneDelegate.Object.<anonymous>.ZoneDelegate.invokeTask (\u001b[2m\u001b[0m\u001b[36mnode_modules/zone.js/dist/zone.js\u001b[39m\u001b[0m\u001b[2m:420:36)\u001b[2m\u001b[22m\n\u001b[2m      \u001b[2mat Zone.Object.<anonymous>.Zone.runTask (\u001b[2m\u001b[0m\u001b[36mnode_modules/zone.js/dist/zone.js\u001b[39m\u001b[0m\u001b[2m:188:47)\u001b[2m\u001b[22m\n\u001b[2m      \u001b[2mat drainMicroTaskQueue (\u001b[2m\u001b[0m\u001b[36mnode_modules/zone.js/dist/zone.js\u001b[39m\u001b[0m\u001b[2m:595:35)\u001b[2m\u001b[22m\n\n\u001b[1m\u001b[31m  \u001b[1m● \u001b[1mSearchComponent › should create\u001b[39m\u001b[22m\n\n    This test module uses the component SearchComponent which is using a \"templateUrl\" or \"styleUrls\", but they were never compiled. Please call \"TestBed.compileComponents\" before your test.\n\u001b[2m\u001b[22m\n\u001b[2m      \u001b[2mat TestBed.Object.<anonymous>.TestBed._initIfNeeded (\u001b[2m\u001b[0m\u001b[36m../../packages/core/testing/src/test_bed.ts\u001b[39m\u001b[0m\u001b[2m:353:17)\u001b[2m\u001b[22m\n\u001b[2m      \u001b[2mat TestBed.Object.<anonymous>.TestBed.createComponent (\u001b[2m\u001b[0m\u001b[36m../../packages/core/testing/src/test_bed.ts\u001b[39m\u001b[0m\u001b[2m:552:10)\u001b[2m\u001b[22m\n\u001b[2m      \u001b[2mat Function.Object.<anonymous>.TestBed.createComponent (\u001b[2m\u001b[0m\u001b[36m../../packages/core/testing/src/test_bed.ts\u001b[39m\u001b[0m\u001b[2m:201:25)\u001b[2m\u001b[22m\n\u001b[2m      \u001b[2mat \u001b[2m\u001b[0m\u001b[36msrc/app/modules/affiliate-hierarchy/pages/search/search.component.spec.ts\u001b[39m\u001b[0m\u001b[2m:17:23\u001b[2m\u001b[22m\n\u001b[2m      \u001b[2mat ZoneDelegate.Object.<anonymous>.ZoneDelegate.invoke (\u001b[2m\u001b[0m\u001b[36mnode_modules/zone.js/dist/zone.js\u001b[39m\u001b[0m\u001b[2m:388:26)\u001b[2m\u001b[22m\n\u001b[2m      \u001b[2mat ProxyZoneSpec.Object.<anonymous>.ProxyZoneSpec.onInvoke (\u001b[2m\u001b[0m\u001b[36mnode_modules/zone.js/dist/proxy.js\u001b[39m\u001b[0m\u001b[2m:128:39)\u001b[2m\u001b[22m\n\u001b[2m      \u001b[2mat ZoneDelegate.Object.<anonymous>.ZoneDelegate.invoke (\u001b[2m\u001b[0m\u001b[36mnode_modules/zone.js/dist/zone.js\u001b[39m\u001b[0m\u001b[2m:387:32)\u001b[2m\u001b[22m\n\u001b[2m      \u001b[2mat Zone.Object.<anonymous>.Zone.run (\u001b[2m\u001b[0m\u001b[36mnode_modules/zone.js/dist/zone.js\u001b[39m\u001b[0m\u001b[2m:138:43)\u001b[2m\u001b[22m\n\u001b[2m      \u001b[2mat Object.testBody.length (\u001b[2m\u001b[0m\u001b[36mnode_modules/jest-zone-patch/index.js\u001b[39m\u001b[0m\u001b[2m:50:27)\u001b[2m\u001b[22m\n\n\u001b[1m\u001b[31m  \u001b[1m● \u001b[1mSearchComponent › should create\u001b[39m\u001b[22m\n\n    \u001b[2mexpect(\u001b[22m\u001b[31mreceived\u001b[39m\u001b[2m).toBeTruthy(\u001b[22m\u001b[2m)\u001b[22m\n\n    Received: \u001b[31mundefined\u001b[39m\n\u001b[2m\u001b[22m\n\u001b[2m    \u001b[0m \u001b[90m 21 | \u001b[39m\u001b[0m\u001b[22m\n\u001b[2m    \u001b[0m \u001b[90m 22 | \u001b[39m  it(\u001b[32m'should create'\u001b[39m\u001b[33m,\u001b[39m () \u001b[33m=>\u001b[39m {\u001b[0m\u001b[22m\n\u001b[2m    \u001b[0m\u001b[31m\u001b[1m>\u001b[2m\u001b[39m\u001b[90m 23 | \u001b[39m    expect(component)\u001b[33m.\u001b[39mtoBeTruthy()\u001b[33m;\u001b[39m\u001b[0m\u001b[22m\n\u001b[2m    \u001b[0m \u001b[90m    | \u001b[39m                      \u001b[31m\u001b[1m^\u001b[2m\u001b[39m\u001b[0m\u001b[22m\n\u001b[2m    \u001b[0m \u001b[90m 24 | \u001b[39m  })\u001b[33m;\u001b[39m\u001b[0m\u001b[22m\n\u001b[2m    \u001b[0m \u001b[90m 25 | \u001b[39m})\u001b[33m;\u001b[39m\u001b[0m\u001b[22m\n\u001b[2m    \u001b[0m \u001b[90m 26 | \u001b[39m\u001b[0m\u001b[22m\n\u001b[2m\u001b[22m\n\u001b[2m      \u001b[2mat \u001b[2m\u001b[0m\u001b[36msrc/app/modules/affiliate-hierarchy/pages/search/search.component.spec.ts\u001b[39m\u001b[0m\u001b[2m:23:23\u001b[2m\u001b[22m\n\u001b[2m      \u001b[2mat ZoneDelegate.Object.<anonymous>.ZoneDelegate.invoke (\u001b[2m\u001b[0m\u001b[36mnode_modules/zone.js/dist/zone.js\u001b[39m\u001b[0m\u001b[2m:388:26)\u001b[2m\u001b[22m\n\u001b[2m      \u001b[2mat ProxyZoneSpec.Object.<anonymous>.ProxyZoneSpec.onInvoke (\u001b[2m\u001b[0m\u001b[36mnode_modules/zone.js/dist/proxy.js\u001b[39m\u001b[0m\u001b[2m:128:39)\u001b[2m\u001b[22m\n\u001b[2m      \u001b[2mat ZoneDelegate.Object.<anonymous>.ZoneDelegate.invoke (\u001b[2m\u001b[0m\u001b[36mnode_modules/zone.js/dist/zone.js\u001b[39m\u001b[0m\u001b[2m:387:32)\u001b[2m\u001b[22m\n\u001b[2m      \u001b[2mat Zone.Object.<anonymous>.Zone.run (\u001b[2m\u001b[0m\u001b[36mnode_modules/zone.js/dist/zone.js\u001b[39m\u001b[0m\u001b[2m:138:43)\u001b[2m\u001b[22m\n\u001b[2m      \u001b[2mat Object.testBody.length (\u001b[2m\u001b[0m\u001b[36mnode_modules/jest-zone-patch/index.js\u001b[39m\u001b[0m\u001b[2m:50:27)\u001b[2m\u001b[22m\n","name":"/Users/bschoche/IdeaProjects/POCs/evo-prototype/frontend/src/app/modules/affiliate-hierarchy/pages/search/search.component.spec.ts","startTime":1535382684642,"status":"failed","summary":""}],"wasInterrupted":false}